INFO:root:97 raw files found t oencode. Starting encoding at 2022-02-16 18:08:33.347283
INFO:root:X:\Diziler\Legion\Silvia Dellai,Anna De Ville,#(s,ffm,,pd,gr,lb,a),(1).mp4 is being encoded to X:\Diziler\Supergirl\Anna De Ville,Silvia Dellai,#(s,ffm,pd,gr,lb,a),(1).mp4 @ 2022-02-16 18:08:33.821657
INFO:root:X:\Diziler\Legion\Silvia Dellai,Anna De Ville,#(s,ffm,,pd,gr,lb,a),(1).mp4 has been encoded to X:\Diziler\Supergirl\Anna De Ville,Silvia Dellai,#(s,ffm,pd,gr,lb,a),(1).mp4 @ 2022-02-16 18:14:52.619294, lasted 0:06:18.797637
INFO:root:X:\Diziler\Supergirl\Anna De Ville,Silvia Dellai,#(s,ffm,pd,gr,lb,a),(1).mp4 is being deleted
INFO:root:X:\Diziler\Legion\WhiteNeko,#(dap,tp,pd,dvp,gr,st),(1).mp4 is being encoded to X:\Diziler\Supergirl\WhiteNeko,#(dap,tp,pd,dvp,gr,st,s),(1).mp4 @ 2022-02-16 18:14:52.744126
INFO:root:X:\Diziler\Legion\WhiteNeko,#(dap,tp,pd,dvp,gr,st),(1).mp4 has been encoded to X:\Diziler\Supergirl\WhiteNeko,#(dap,tp,pd,dvp,gr,st,s),(1).mp4 @ 2022-02-16 18:22:48.046170, lasted 0:07:55.300819
INFO:root:X:\Diziler\Supergirl\WhiteNeko,#(dap,tp,pd,dvp,gr,st,s),(1).mp4 is being deleted
INFO:root:X:\Diziler\Legion\Eveline Dellai,#(s,pd,dap,dp,a,st),(1).mp4 is being encoded to X:\Diziler\Supergirl\Eveline Dellai,#(s,pd,dap,dp,a,st),(1).mp4 @ 2022-02-16 18:22:48.133658
INFO:root:X:\Diziler\Legion\Eveline Dellai,#(s,pd,dap,dp,a,st),(1).mp4 has been encoded to X:\Diziler\Supergirl\Eveline Dellai,#(s,pd,dap,dp,a,st),(1).mp4 @ 2022-02-16 18:30:26.380453, lasted 0:07:38.246795
INFO:root:X:\Diziler\Supergirl\Eveline Dellai,#(s,pd,dap,dp,a,st),(1).mp4 is being deleted
INFO:root:X:\Diziler\Legion\Dredd,Alura Jenson,#(bbc,bu,bl,a),(1).mp4 is being encoded to X:\Diziler\Supergirl\Dredd,Alura Jenson,#(bbc,bu,bl,a,s),(2).mp4 @ 2022-02-16 18:30:26.498443
INFO:root:X:\Diziler\Legion\Dredd,Alura Jenson,#(bbc,bu,bl,a),(1).mp4 has been encoded to X:\Diziler\Supergirl\Dredd,Alura Jenson,#(bbc,bu,bl,a,s),(2).mp4 @ 2022-02-16 18:34:42.751365, lasted 0:04:16.252922
INFO:root:X:\Diziler\Supergirl\Dredd,Alura Jenson,#(bbc,bu,bl,a,s),(2).mp4 is being deleted
INFO:root:X:\Diziler\Legion\Silvia Dellai,Angel Emily,#(s,ffm,a),(1).mp4 is being encoded to X:\Diziler\Supergirl\Silvia Dellai,Angel Emily,#(s,ffm,a),(1).mp4 @ 2022-02-16 18:34:42.828368
INFO:root:X:\Diziler\Legion\Silvia Dellai,Angel Emily,#(s,ffm,a),(1).mp4 has been encoded to X:\Diziler\Supergirl\Silvia Dellai,Angel Emily,#(s,ffm,a),(1).mp4 @ 2022-02-16 18:38:24.090874, lasted 0:03:41.262506
INFO:root:X:\Diziler\Supergirl\Silvia Dellai,Angel Emily,#(s,ffm,a),(1).mp4 is being deleted
INFO:root:X:\Diziler\Legion\Sasha Sparrow,Daria Kuess,#(th,a,ffm),(1).mp4 is being encoded to X:\Diziler\Supergirl\Daria Kuess,Sasha Sparrow,#(th,a,ffm,s),(1).mp4 @ 2022-02-16 18:38:24.209722
INFO:root:X:\Diziler\Legion\Sasha Sparrow,Daria Kuess,#(th,a,ffm),(1).mp4 has been encoded to X:\Diziler\Supergirl\Daria Kuess,Sasha Sparrow,#(th,a,ffm,s),(1).mp4 @ 2022-02-16 18:42:34.267692, lasted 0:04:10.057970
INFO:root:X:\Diziler\Supergirl\Daria Kuess,Sasha Sparrow,#(th,a,ffm,s),(1).mp4 is being deleted
INFO:root:87 raw files found t oencode. Starting encoding at 2022-02-16 18:44:26.410415
INFO:root:X:\Diziler\Legion\Angela White, Luna Star,#(bu,br,ffm,a,t),(1).mp4 is being encoded to X:\Diziler\Supergirl\Angela White, Luna Star,#(bu,br,ffm,a,t,s),(1).mp4 @ 2022-02-16 18:44:26.478997
INFO:root:X:\Diziler\Legion\Angela White, Luna Star,#(bu,br,ffm,a,t),(1).mp4 has been encoded to X:\Diziler\Supergirl\Angela White, Luna Star,#(bu,br,ffm,a,t,s),(1).mp4 @ 2022-02-16 18:47:18.139497, lasted 0:02:51.660500
INFO:root:X:\Diziler\Supergirl\Angela White, Luna Star,#(bu,br,ffm,a,t,s),(1).mp4 is being deleted
INFO:root:X:\Diziler\Legion\Agatha Vega, Ginebra Bellucci,#(th,ffm,a,st),(1).mp4 is being encoded to X:\Diziler\Supergirl\Agatha Vega, Ginebra Bellucci,#(th,ffm,a,st,s),(1).mp4 @ 2022-02-16 18:47:18.200957
INFO:root:X:\Diziler\Legion\Agatha Vega, Ginebra Bellucci,#(th,ffm,a,st),(1).mp4 has been encoded to X:\Diziler\Supergirl\Agatha Vega, Ginebra Bellucci,#(th,ffm,a,st,s),(1).mp4 @ 2022-02-16 18:51:41.999826, lasted 0:04:23.797871
INFO:root:X:\Diziler\Supergirl\Agatha Vega, Ginebra Bellucci,#(th,ffm,a,st,s),(1).mp4 is being deleted
INFO:root:X:\Diziler\Legion\Brittany Bardot,Mina Doe,#(s),(1).mp4 is being encoded to X:\Diziler\Supergirl\Brittany Bardot,Mina Doe,#(s),(1).mp4 @ 2022-02-16 18:51:42.069899
INFO:root:X:\Diziler\Legion\Brittany Bardot,Mina Doe,#(s),(1).mp4 has been encoded to X:\Diziler\Supergirl\Brittany Bardot,Mina Doe,#(s),(1).mp4 @ 2022-02-16 18:56:11.692980, lasted 0:04:29.622083
INFO:root:X:\Diziler\Supergirl\Brittany Bardot,Mina Doe,#(s),(1).mp4 is being deleted
INFO:root:X:\Diziler\Legion\Liv Revamped,#(a,s,st),(1).mp4 is being encoded to X:\Diziler\Supergirl\Liv Revamped,#(a,s,st),(1).mp4 @ 2022-02-16 18:56:11.758570
INFO:root:X:\Diziler\Legion\Liv Revamped,#(a,s,st),(1).mp4 has been encoded to X:\Diziler\Supergirl\Liv Revamped,#(a,s,st),(1).mp4 @ 2022-02-16 18:59:26.645351, lasted 0:03:14.886781
INFO:root:X:\Diziler\Supergirl\Liv Revamped,#(a,s,st),(1).mp4 is being deleted
INFO:root:X:\Diziler\Legion\Amber Doe,#(na,rh,y),(1).mp4 is being encoded to X:\Diziler\Supergirl\Amber Doe,#(na,rh,y,s),(1).mp4 @ 2022-02-16 18:59:26.709050
INFO:root:X:\Diziler\Legion\Amber Doe,#(na,rh,y),(1).mp4 has been encoded to X:\Diziler\Supergirl\Amber Doe,#(na,rh,y,s),(1).mp4 @ 2022-02-16 19:06:14.258912, lasted 0:06:47.549862
INFO:root:X:\Diziler\Supergirl\Amber Doe,#(na,rh,y,s),(1).mp4 is being deleted
INFO:root:X:\Diziler\Legion\Ella Knox,Lena Paul,#(s),(7).mp4 is being encoded to X:\Diziler\Supergirl\Lena Paul,Ella Knox,#(s),(7).mp4 @ 2022-02-16 19:06:14.329408
INFO:root:X:\Diziler\Legion\Ella Knox,Lena Paul,#(s),(7).mp4 has been encoded to X:\Diziler\Supergirl\Lena Paul,Ella Knox,#(s),(7).mp4 @ 2022-02-16 19:10:07.129960, lasted 0:03:52.800552
INFO:root:X:\Diziler\Supergirl\Lena Paul,Ella Knox,#(s),(7).mp4 is being deleted
INFO:root:X:\Diziler\Legion\Gabbie Carter,#(s,bu,bl),(3).mp4 is being encoded to X:\Diziler\Supergirl\Gabbie Carter,#(s,bu,bl),(3).mp4 @ 2022-02-16 19:10:07.262801
INFO:root:X:\Diziler\Legion\Gabbie Carter,#(s,bu,bl),(3).mp4 has been encoded to X:\Diziler\Supergirl\Gabbie Carter,#(s,bu,bl),(3).mp4 @ 2022-02-16 19:13:46.464755, lasted 0:03:39.201954
INFO:root:X:\Diziler\Supergirl\Gabbie Carter,#(s,bu,bl),(3).mp4 is being deleted
INFO:root:X:\Diziler\Legion\Silvia Dellai,Evelina Dellai,#(s),(5).mp4 is being encoded to X:\Diziler\Supergirl\Silvia Dellai,Evelina Dellai,#(s),(5).mp4 @ 2022-02-16 19:13:46.532805
INFO:root:X:\Diziler\Legion\Silvia Dellai,Evelina Dellai,#(s),(5).mp4 has been encoded to X:\Diziler\Supergirl\Silvia Dellai,Evelina Dellai,#(s),(5).mp4 @ 2022-02-16 19:16:35.164581, lasted 0:02:48.631776
INFO:root:X:\Diziler\Supergirl\Silvia Dellai,Evelina Dellai,#(s),(5).mp4 is being deleted
INFO:root:X:\Diziler\Legion\Missy Martinez,#(s),(1).mp4 is being encoded to X:\Diziler\Supergirl\Missy Martinez,#(s),(1).mp4 @ 2022-02-16 19:16:35.232119
INFO:root:X:\Diziler\Legion\Missy Martinez,#(s),(1).mp4 has been encoded to X:\Diziler\Supergirl\Missy Martinez,#(s),(1).mp4 @ 2022-02-16 19:19:07.991616, lasted 0:02:32.759497
INFO:root:X:\Diziler\Supergirl\Missy Martinez,#(s),(1).mp4 is being deleted
INFO:root:X:\Diziler\Legion\Abigail Mac,#(s),(2).mp4 is being encoded to X:\Diziler\Supergirl\Abigail Mac,#(s),(2).mp4 @ 2022-02-16 19:19:08.066226
INFO:root:X:\Diziler\Legion\Abigail Mac,#(s),(2).mp4 has been encoded to X:\Diziler\Supergirl\Abigail Mac,#(s),(2).mp4 @ 2022-02-16 19:22:46.759547, lasted 0:03:38.693321
INFO:root:X:\Diziler\Supergirl\Abigail Mac,#(s),(2).mp4 is being deleted
INFO:root:X:\Diziler\Legion\Rebel Lynn,#(a,st,s),(1).mp4 is being encoded to X:\Diziler\Supergirl\Rebel Lynn,#(a,st,s),(1).mp4 @ 2022-02-16 19:22:46.826148
INFO:root:X:\Diziler\Legion\Rebel Lynn,#(a,st,s),(1).mp4 has been encoded to X:\Diziler\Supergirl\Rebel Lynn,#(a,st,s),(1).mp4 @ 2022-02-16 19:26:44.122701, lasted 0:03:57.296553
INFO:root:X:\Diziler\Supergirl\Rebel Lynn,#(a,st,s),(1).mp4 is being deleted
INFO:root:X:\Diziler\Legion\Talia Mint, Stephany Kyler,#(ffm,a,th,lb),(1).mp4 is being encoded to X:\Diziler\Supergirl\Talia Mint, Stephany Kyler,#(ffm,a,th,lb,s),(1).mp4 @ 2022-02-16 19:26:44.202709
INFO:root:X:\Diziler\Legion\Talia Mint, Stephany Kyler,#(ffm,a,th,lb),(1).mp4 has been encoded to X:\Diziler\Supergirl\Talia Mint, Stephany Kyler,#(ffm,a,th,lb,s),(1).mp4 @ 2022-02-16 19:30:41.485085, lasted 0:03:57.281376
INFO:root:X:\Diziler\Supergirl\Talia Mint, Stephany Kyler,#(ffm,a,th,lb,s),(1).mp4 is being deleted
INFO:root:X:\Diziler\Legion\Gabbie Carter,#(s,bu,bl),(2).mp4 is being encoded to X:\Diziler\Supergirl\Gabbie Carter,#(s,bu,bl),(2).mp4 @ 2022-02-16 19:30:41.578833
INFO:root:X:\Diziler\Legion\Gabbie Carter,#(s,bu,bl),(2).mp4 has been encoded to X:\Diziler\Supergirl\Gabbie Carter,#(s,bu,bl),(2).mp4 @ 2022-02-16 19:34:28.017663, lasted 0:03:46.438830
INFO:root:X:\Diziler\Supergirl\Gabbie Carter,#(s,bu,bl),(2).mp4 is being deleted
INFO:root:X:\Diziler\Legion\Angel Wicky,#(s,bu,bl),(2).mp4 is being encoded to X:\Diziler\Supergirl\Angel Wicky,#(s,bu,bl),(2).mp4 @ 2022-02-16 19:34:28.095786
INFO:root:X:\Diziler\Legion\Angel Wicky,#(s,bu,bl),(2).mp4 has been encoded to X:\Diziler\Supergirl\Angel Wicky,#(s,bu,bl),(2).mp4 @ 2022-02-16 19:36:58.121409, lasted 0:02:30.025623
INFO:root:X:\Diziler\Supergirl\Angel Wicky,#(s,bu,bl),(2).mp4 is being deleted
INFO:root:X:\Diziler\Legion\Adria Rae,#(s),(1).mp4 is being encoded to X:\Diziler\Supergirl\Adria Rae,#(s),(1).mp4 @ 2022-02-16 19:36:58.183908
INFO:root:X:\Diziler\Legion\Adria Rae,#(s),(1).mp4 has been encoded to X:\Diziler\Supergirl\Adria Rae,#(s),(1).mp4 @ 2022-02-16 19:39:19.600840, lasted 0:02:21.416932
INFO:root:X:\Diziler\Supergirl\Adria Rae,#(s),(1).mp4 is being deleted
INFO:root:X:\Diziler\Legion\Bella Rolland,#(s),(4).mp4 is being encoded to X:\Diziler\Supergirl\Bella Rolland,#(s),(4).mp4 @ 2022-02-16 19:39:19.663339
INFO:root:X:\Diziler\Legion\Bella Rolland,#(s),(4).mp4 has been encoded to X:\Diziler\Supergirl\Bella Rolland,#(s),(4).mp4 @ 2022-02-16 19:42:21.688327, lasted 0:03:02.024988
INFO:root:X:\Diziler\Supergirl\Bella Rolland,#(s),(4).mp4 is being deleted
INFO:root:X:\Diziler\Legion\Emily Willis,#(s),(2).mp4 is being encoded to X:\Diziler\Supergirl\Emily Willis,#(s),(2).mp4 @ 2022-02-16 19:42:21.750828
INFO:root:X:\Diziler\Legion\Emily Willis,#(s),(2).mp4 has been encoded to X:\Diziler\Supergirl\Emily Willis,#(s),(2).mp4 @ 2022-02-16 19:44:35.058960, lasted 0:02:13.308132
INFO:root:X:\Diziler\Supergirl\Emily Willis,#(s),(2).mp4 is being deleted
INFO:root:X:\Diziler\Legion\Maddy May,#(th,a,s,bl),(1).mp4 is being encoded to X:\Diziler\Supergirl\Maddy May,#(th,a,s,bl),(1).mp4 @ 2022-02-16 19:44:35.121461
INFO:root:X:\Diziler\Legion\Maddy May,#(th,a,s,bl),(1).mp4 has been encoded to X:\Diziler\Supergirl\Maddy May,#(th,a,s,bl),(1).mp4 @ 2022-02-16 19:48:13.411331, lasted 0:03:38.289870
INFO:root:X:\Diziler\Supergirl\Maddy May,#(th,a,s,bl),(1).mp4 is being deleted
INFO:root:X:\Diziler\Legion\Jennifer Mendez,#(bbc,bu,br,a),(8).mp4 is being encoded to X:\Diziler\Supergirl\Jennifer Mendez,#(bbc,bu,br,a,s),(8).mp4 @ 2022-02-16 19:48:13.489455
INFO:root:X:\Diziler\Legion\Jennifer Mendez,#(bbc,bu,br,a),(8).mp4 has been encoded to X:\Diziler\Supergirl\Jennifer Mendez,#(bbc,bu,br,a,s),(8).mp4 @ 2022-02-16 19:51:53.498660, lasted 0:03:40.009205
INFO:root:X:\Diziler\Supergirl\Jennifer Mendez,#(bbc,bu,br,a,s),(8).mp4 is being deleted
INFO:root:X:\Diziler\Legion\Casey Kisses,Skylar Snow,#(s,ts),(1).mp4 is being encoded to X:\Diziler\Supergirl\Skylar Snow,Casey Kisses,#(s,ts),(1).mp4 @ 2022-02-16 19:51:53.561160
INFO:root:X:\Diziler\Legion\Casey Kisses,Skylar Snow,#(s,ts),(1).mp4 has been encoded to X:\Diziler\Supergirl\Skylar Snow,Casey Kisses,#(s,ts),(1).mp4 @ 2022-02-16 19:54:58.031719, lasted 0:03:04.470559
INFO:root:X:\Diziler\Supergirl\Skylar Snow,Casey Kisses,#(s,ts),(1).mp4 is being deleted
INFO:root:X:\Diziler\Legion\Cory Chase,#(s),(5).mp4 is being encoded to X:\Diziler\Supergirl\Cory Chase,#(s),(5).mp4 @ 2022-02-16 19:54:58.094216
INFO:root:X:\Diziler\Legion\Cory Chase,#(s),(5).mp4 has been encoded to X:\Diziler\Supergirl\Cory Chase,#(s),(5).mp4 @ 2022-02-16 19:58:35.931495, lasted 0:03:37.837279
INFO:root:X:\Diziler\Supergirl\Cory Chase,#(s),(5).mp4 is being deleted
INFO:root:X:\Diziler\Legion\Cory Chase,Molly Jane,#(s),(1).mp4 is being encoded to X:\Diziler\Supergirl\Cory Chase,Molly Jane,#(s),(1).mp4 @ 2022-02-16 19:58:35.993994
INFO:root:X:\Diziler\Legion\Cory Chase,Molly Jane,#(s),(1).mp4 has been encoded to X:\Diziler\Supergirl\Cory Chase,Molly Jane,#(s),(1).mp4 @ 2022-02-17 08:36:36.994556, lasted 12:38:01.000562
INFO:root:X:\Diziler\Supergirl\Cory Chase,Molly Jane,#(s),(1).mp4 is being deleted
INFO:root:X:\Diziler\Legion\Cory Chase,#(s),(6).mp4 is being encoded to X:\Diziler\Supergirl\Cory Chase,#(s),(6).mp4 @ 2022-02-17 08:36:37.063519
INFO:root:X:\Diziler\Legion\Cory Chase,#(s),(6).mp4 has been encoded to X:\Diziler\Supergirl\Cory Chase,#(s),(6).mp4 @ 2022-02-17 08:40:19.510235, lasted 0:03:42.446716
INFO:root:X:\Diziler\Supergirl\Cory Chase,#(s),(6).mp4 is being deleted
INFO:root:X:\Diziler\Legion\Nicole Love,#(gr,dp,dap,bbc,a),(1).mp4 is being encoded to X:\Diziler\Supergirl\Nicole Love,#(gr,dp,dap,bbc,a,s),(1).mp4 @ 2022-02-17 08:40:19.579282
INFO:root:X:\Diziler\Legion\Nicole Love,#(gr,dp,dap,bbc,a),(1).mp4 has been encoded to X:\Diziler\Supergirl\Nicole Love,#(gr,dp,dap,bbc,a,s),(1).mp4 @ 2022-02-17 08:46:12.907540, lasted 0:05:53.328258
INFO:root:X:\Diziler\Supergirl\Nicole Love,#(gr,dp,dap,bbc,a,s),(1).mp4 is being deleted
INFO:root:X:\Diziler\Legion\Liya Silver,#(s,a,ca),(1).mp4 is being encoded to X:\Diziler\Supergirl\Liya Silver,#(s,a,ca),(1).mp4 @ 2022-02-17 08:46:13.033731
INFO:root:X:\Diziler\Legion\Liya Silver,#(s,a,ca),(1).mp4 has been encoded to X:\Diziler\Supergirl\Liya Silver,#(s,a,ca),(1).mp4 @ 2022-02-17 08:48:51.676025, lasted 0:02:38.642294
INFO:root:X:\Diziler\Supergirl\Liya Silver,#(s,a,ca),(1).mp4 is being deleted
INFO:root:X:\Diziler\Legion\Apolonia Lapiedra,Agatha Vega,#(ffm,ns,st,bl),(1).mp4 is being encoded to X:\Diziler\Supergirl\Apolonia Lapiedra,Agatha Vega,#(ffm,ns,st,bl,s),(1).mp4 @ 2022-02-17 08:48:51.739009
INFO:root:X:\Diziler\Legion\Apolonia Lapiedra,Agatha Vega,#(ffm,ns,st,bl),(1).mp4 has been encoded to X:\Diziler\Supergirl\Apolonia Lapiedra,Agatha Vega,#(ffm,ns,st,bl,s),(1).mp4 @ 2022-02-17 08:52:25.475642, lasted 0:03:33.736633
INFO:root:X:\Diziler\Supergirl\Apolonia Lapiedra,Agatha Vega,#(ffm,ns,st,bl,s),(1).mp4 is being deleted
INFO:root:X:\Diziler\Legion\Ivy Lebelle,#(bu,a,s),(1).mp4 is being encoded to X:\Diziler\Supergirl\Ivy Lebelle,#(bu,a,s),(1).mp4 @ 2022-02-17 08:52:25.556261
INFO:root:X:\Diziler\Legion\Ivy Lebelle,#(bu,a,s),(1).mp4 has been encoded to X:\Diziler\Supergirl\Ivy Lebelle,#(bu,a,s),(1).mp4 @ 2022-02-17 08:54:34.488809, lasted 0:02:08.932548
INFO:root:X:\Diziler\Supergirl\Ivy Lebelle,#(bu,a,s),(1).mp4 is being deleted
INFO:root:X:\Diziler\Legion\Ivy Lebelle,#(s),(1).mp4 is being encoded to X:\Diziler\Supergirl\Ivy Lebelle,#(s),(1).mp4 @ 2022-02-17 08:54:34.553207
INFO:root:X:\Diziler\Legion\Ivy Lebelle,#(s),(1).mp4 has been encoded to X:\Diziler\Supergirl\Ivy Lebelle,#(s),(1).mp4 @ 2022-02-17 08:56:30.212817, lasted 0:01:55.659610
INFO:root:X:\Diziler\Supergirl\Ivy Lebelle,#(s),(1).mp4 is being deleted
INFO:root:X:\Diziler\Legion\Kenzie Anne,#(s),(1).mp4 is being encoded to X:\Diziler\Supergirl\Kenzie Anne,#(s),(1).mp4 @ 2022-02-17 08:56:30.277164
INFO:root:X:\Diziler\Legion\Kenzie Anne,#(s),(1).mp4 has been encoded to X:\Diziler\Supergirl\Kenzie Anne,#(s),(1).mp4 @ 2022-02-17 08:58:48.456066, lasted 0:02:18.178902
INFO:root:X:\Diziler\Supergirl\Kenzie Anne,#(s),(1).mp4 is being deleted
INFO:root:X:\Diziler\Legion\Jane Rogers, Kylie Le Beau,#(fa,fs,gr,na,rh,y),(1).mp4 is being encoded to X:\Diziler\Supergirl\ Kylie Le Beau,Jane Rogers,#(fa,fs,gr,na,rh,y,s),(1).mp4 @ 2022-02-17 08:58:48.532667
INFO:root:X:\Diziler\Legion\Jane Rogers, Kylie Le Beau,#(fa,fs,gr,na,rh,y),(1).mp4 has been encoded to X:\Diziler\Supergirl\ Kylie Le Beau,Jane Rogers,#(fa,fs,gr,na,rh,y,s),(1).mp4 @ 2022-02-17 09:01:02.604569, lasted 0:02:14.071902
INFO:root:X:\Diziler\Supergirl\ Kylie Le Beau,Jane Rogers,#(fa,fs,gr,na,rh,y,s),(1).mp4 is being deleted
INFO:root:X:\Diziler\Legion\Dakota,#(s),(1).mp4 is being encoded to X:\Diziler\Supergirl\Dakota,#(s),(1).mp4 @ 2022-02-17 09:01:02.673007
INFO:root:X:\Diziler\Legion\Dakota,#(s),(1).mp4 has been encoded to X:\Diziler\Supergirl\Dakota,#(s),(1).mp4 @ 2022-02-17 09:03:43.938291, lasted 0:02:41.265284
INFO:root:X:\Diziler\Supergirl\Dakota,#(s),(1).mp4 is being deleted
INFO:root:X:\Diziler\Legion\Bella Rolland,#(s),(5).mp4 is being encoded to X:\Diziler\Supergirl\Bella Rolland,#(s),(5).mp4 @ 2022-02-17 09:03:43.995358
INFO:root:X:\Diziler\Legion\Bella Rolland,#(s),(5).mp4 has been encoded to X:\Diziler\Supergirl\Bella Rolland,#(s),(5).mp4 @ 2022-02-17 09:05:59.611019, lasted 0:02:15.615661
INFO:root:X:\Diziler\Supergirl\Bella Rolland,#(s),(5).mp4 is being deleted
INFO:root:X:\Diziler\Legion\Sofi Smile,Alecia Fox,#(th,a,mmf),(1).mp4 is being encoded to X:\Diziler\Supergirl\Alecia Fox,Sofi Smile,#(th,a,mmf,s),(1).mp4 @ 2022-02-17 09:05:59.674814
INFO:root:X:\Diziler\Legion\Sofi Smile,Alecia Fox,#(th,a,mmf),(1).mp4 has been encoded to X:\Diziler\Supergirl\Alecia Fox,Sofi Smile,#(th,a,mmf,s),(1).mp4 @ 2022-02-17 09:09:39.174740, lasted 0:03:39.499926
INFO:root:X:\Diziler\Supergirl\Alecia Fox,Sofi Smile,#(th,a,mmf,s),(1).mp4 is being deleted
INFO:root:X:\Diziler\Legion\Eveline Dellai,Chloe Lamour,#(s),(1).mp4 is being encoded to X:\Diziler\Supergirl\Eveline Dellai,Chloe Lamour,#(s),(1).mp4 @ 2022-02-17 09:09:39.251363
INFO:root:X:\Diziler\Legion\Eveline Dellai,Chloe Lamour,#(s),(1).mp4 has been encoded to X:\Diziler\Supergirl\Eveline Dellai,Chloe Lamour,#(s),(1).mp4 @ 2022-02-17 11:14:56.934761, lasted 2:05:17.683398
INFO:root:X:\Diziler\Supergirl\Eveline Dellai,Chloe Lamour,#(s),(1).mp4 is being deleted
INFO:root:X:\Diziler\Legion\Hazel Moore,#(s),(1).mp4 is being encoded to X:\Diziler\Supergirl\Hazel Moore,#(s),(1).mp4 @ 2022-02-17 11:14:57.023320
INFO:root:X:\Diziler\Legion\Hazel Moore,#(s),(1).mp4 has been encoded to X:\Diziler\Supergirl\Hazel Moore,#(s),(1).mp4 @ 2022-02-17 11:19:16.680108, lasted 0:04:19.655789
INFO:root:X:\Diziler\Supergirl\Hazel Moore,#(s),(1).mp4 is being deleted
INFO:root:X:\Diziler\Legion\Mandy Muse,#(br,st,a,s),(1).mp4 is being encoded to X:\Diziler\Supergirl\Mandy Muse,#(br,st,a,s),(1).mp4 @ 2022-02-17 11:19:16.740314
INFO:root:X:\Diziler\Legion\Mandy Muse,#(br,st,a,s),(1).mp4 has been encoded to X:\Diziler\Supergirl\Mandy Muse,#(br,st,a,s),(1).mp4 @ 2022-02-17 11:21:50.419637, lasted 0:02:33.678322
INFO:root:X:\Diziler\Supergirl\Mandy Muse,#(br,st,a,s),(1).mp4 is being deleted
INFO:root:X:\Diziler\Legion\Mandy Muse,#(s),(1).mp4 is being encoded to X:\Diziler\Supergirl\Mandy Muse,#(s),(1).mp4 @ 2022-02-17 11:21:50.480947
INFO:root:X:\Diziler\Legion\Mandy Muse,#(s),(1).mp4 has been encoded to X:\Diziler\Supergirl\Mandy Muse,#(s),(1).mp4 @ 2022-02-17 11:24:24.415600, lasted 0:02:33.934653
INFO:root:X:\Diziler\Supergirl\Mandy Muse,#(s),(1).mp4 is being deleted
INFO:root:X:\Diziler\Legion\Gabbie Carter,#(s,bu,bl),(1).mp4 is being encoded to X:\Diziler\Supergirl\Gabbie Carter,#(s,bu,bl),(1).mp4 @ 2022-02-17 11:24:24.489943
INFO:root:X:\Diziler\Legion\Gabbie Carter,#(s,bu,bl),(1).mp4 has been encoded to X:\Diziler\Supergirl\Gabbie Carter,#(s,bu,bl),(1).mp4 @ 2022-02-17 11:29:10.265487, lasted 0:04:45.775544
INFO:root:X:\Diziler\Supergirl\Gabbie Carter,#(s,bu,bl),(1).mp4 is being deleted
INFO:root:X:\Diziler\Legion\Jade Venus,#(ts,a),(1).mp4 is being encoded to X:\Diziler\Supergirl\Jade Venus,#(ts,a,s),(1).mp4 @ 2022-02-17 11:29:10.340001
INFO:root:X:\Diziler\Legion\Jade Venus,#(ts,a),(1).mp4 has been encoded to X:\Diziler\Supergirl\Jade Venus,#(ts,a,s),(1).mp4 @ 2022-02-17 11:32:08.840777, lasted 0:02:58.499757
INFO:root:X:\Diziler\Supergirl\Jade Venus,#(ts,a,s),(1).mp4 is being deleted
INFO:root:X:\Diziler\Legion\Keisha Grey,#(s),(1).mp4 is being encoded to X:\Diziler\Supergirl\Keisha Grey,#(s),(1).mp4 @ 2022-02-17 11:32:08.933616
INFO:root:X:\Diziler\Legion\Keisha Grey,#(s),(1).mp4 has been encoded to X:\Diziler\Supergirl\Keisha Grey,#(s),(1).mp4 @ 2022-02-17 11:35:14.516186, lasted 0:03:05.582570
INFO:root:X:\Diziler\Supergirl\Keisha Grey,#(s),(1).mp4 is being deleted
INFO:root:X:\Diziler\Legion\Bella Rolland,#(s),(7).mp4 is being encoded to X:\Diziler\Supergirl\Bella Rolland,#(s),(7).mp4 @ 2022-02-17 11:35:14.594191
INFO:root:X:\Diziler\Legion\Bella Rolland,#(s),(7).mp4 has been encoded to X:\Diziler\Supergirl\Bella Rolland,#(s),(7).mp4 @ 2022-02-17 11:38:15.121774, lasted 0:03:00.527583
INFO:root:X:\Diziler\Supergirl\Bella Rolland,#(s),(7).mp4 is being deleted
INFO:root:X:\Diziler\Legion\Angela White,Lily Lou,#(s),(1).mp4 is being encoded to X:\Diziler\Supergirl\Angela White,Lily Lou,#(s),(1).mp4 @ 2022-02-17 11:38:15.189921
INFO:root:X:\Diziler\Legion\Angela White,Lily Lou,#(s),(1).mp4 has been encoded to X:\Diziler\Supergirl\Angela White,Lily Lou,#(s),(1).mp4 @ 2022-02-17 11:41:40.158346, lasted 0:03:24.968425
INFO:root:X:\Diziler\Supergirl\Angela White,Lily Lou,#(s),(1).mp4 is being deleted
INFO:root:X:\Diziler\Legion\Jessie Dubai,Bi Man,Rubi Maxim,#(s),(1).mp4 is being encoded to X:\Diziler\Supergirl\Bi Man,Jessie Dubai,Rubi Maxim,#(s),(1).mp4 @ 2022-02-17 11:41:40.221955
INFO:root:X:\Diziler\Legion\Jessie Dubai,Bi Man,Rubi Maxim,#(s),(1).mp4 has been encoded to X:\Diziler\Supergirl\Bi Man,Jessie Dubai,Rubi Maxim,#(s),(1).mp4 @ 2022-02-17 11:44:21.003026, lasted 0:02:40.781071
INFO:root:X:\Diziler\Supergirl\Bi Man,Jessie Dubai,Rubi Maxim,#(s),(1).mp4 is being deleted
INFO:root:X:\Diziler\Legion\Candice Dare,#(th,a),(1).mp4 is being encoded to X:\Diziler\Supergirl\Candice Dare,#(th,a,s),(1).mp4 @ 2022-02-17 11:44:21.048267
INFO:root:X:\Diziler\Legion\Candice Dare,#(th,a),(1).mp4 has been encoded to X:\Diziler\Supergirl\Candice Dare,#(th,a,s),(1).mp4 @ 2022-02-17 11:48:06.983344, lasted 0:03:45.935077
INFO:root:X:\Diziler\Supergirl\Candice Dare,#(th,a,s),(1).mp4 is being deleted
INFO:root:X:\Diziler\Legion\Liya Silver,#(s),(1).mp4 is being encoded to X:\Diziler\Supergirl\Liya Silver,#(s),(1).mp4 @ 2022-02-17 11:48:07.028543
INFO:root:X:\Diziler\Legion\Liya Silver,#(s),(1).mp4 has been encoded to X:\Diziler\Supergirl\Liya Silver,#(s),(1).mp4 @ 2022-02-17 11:51:10.678097, lasted 0:03:03.649554
INFO:root:X:\Diziler\Supergirl\Liya Silver,#(s),(1).mp4 is being deleted
INFO:root:X:\Diziler\Legion\Anita Vixen,#(s),(1).mp4 is being encoded to X:\Diziler\Supergirl\Anita Vixen,#(s),(1).mp4 @ 2022-02-17 11:51:10.731619
INFO:root:X:\Diziler\Legion\Anita Vixen,#(s),(1).mp4 has been encoded to X:\Diziler\Supergirl\Anita Vixen,#(s),(1).mp4 @ 2022-02-17 11:53:44.930729, lasted 0:02:34.199110
INFO:root:X:\Diziler\Supergirl\Anita Vixen,#(s),(1).mp4 is being deleted
INFO:root:X:\Diziler\Legion\Angela White,Mia Malkova,#(s),(1).mp4 is being encoded to X:\Diziler\Supergirl\Angela White,Mia Malkova,#(s),(1).mp4 @ 2022-02-17 11:53:45.020128
INFO:root:X:\Diziler\Legion\Angela White,Mia Malkova,#(s),(1).mp4 has been encoded to X:\Diziler\Supergirl\Angela White,Mia Malkova,#(s),(1).mp4 @ 2022-02-17 11:58:00.043687, lasted 0:04:15.022540
INFO:root:X:\Diziler\Supergirl\Angela White,Mia Malkova,#(s),(1).mp4 is being deleted
INFO:root:X:\Diziler\Legion\Emily Willis, Mona Wales,#(ffm,bb,a),(1).mp4 is being encoded to X:\Diziler\Supergirl\Emily Willis, Mona Wales,#(ffm,bb,a,s),(1).mp4 @ 2022-02-17 11:58:00.123626
INFO:root:X:\Diziler\Legion\Emily Willis, Mona Wales,#(ffm,bb,a),(1).mp4 has been encoded to X:\Diziler\Supergirl\Emily Willis, Mona Wales,#(ffm,bb,a,s),(1).mp4 @ 2022-02-17 12:01:38.018330, lasted 0:03:37.894704
INFO:root:X:\Diziler\Supergirl\Emily Willis, Mona Wales,#(ffm,bb,a,s),(1).mp4 is being deleted
INFO:root:X:\Diziler\Legion\AJ Applegate,#(s),(1).mp4 is being encoded to X:\Diziler\Supergirl\AJ Applegate,#(s),(1).mp4 @ 2022-02-17 12:01:38.063487
INFO:root:X:\Diziler\Legion\AJ Applegate,#(s),(1).mp4 has been encoded to X:\Diziler\Supergirl\AJ Applegate,#(s),(1).mp4 @ 2022-02-17 12:04:31.448592, lasted 0:02:53.385105
INFO:root:X:\Diziler\Supergirl\AJ Applegate,#(s),(1).mp4 is being deleted
INFO:root:X:\Diziler\Legion\Gabbie Carter,#(s,bu,bl),(4).mp4 is being encoded to X:\Diziler\Supergirl\Gabbie Carter,#(s,bu,bl),(4).mp4 @ 2022-02-17 12:04:31.519529
INFO:root:X:\Diziler\Legion\Gabbie Carter,#(s,bu,bl),(4).mp4 has been encoded to X:\Diziler\Supergirl\Gabbie Carter,#(s,bu,bl),(4).mp4 @ 2022-02-17 12:07:52.947708, lasted 0:03:21.428179
INFO:root:X:\Diziler\Supergirl\Gabbie Carter,#(s,bu,bl),(4).mp4 is being deleted
INFO:root:X:\Diziler\Legion\Rachel Adjani,#(s),(1).mp4 is being encoded to X:\Diziler\Supergirl\Rachel Adjani,#(s),(1).mp4 @ 2022-02-17 12:07:52.995976
INFO:root:X:\Diziler\Legion\Rachel Adjani,#(s),(1).mp4 has been encoded to X:\Diziler\Supergirl\Rachel Adjani,#(s),(1).mp4 @ 2022-02-17 12:11:02.794802, lasted 0:03:09.798826
INFO:root:X:\Diziler\Supergirl\Rachel Adjani,#(s),(1).mp4 is being deleted
INFO:root:X:\Diziler\Legion\Florane Russel,#(s,wbc,bd,a,bu,bl),(1).mp4 is being encoded to X:\Diziler\Supergirl\Florane Russel,#(s,wbc,bd,a,bu,bl),(1).mp4 @ 2022-02-17 12:11:02.863518
INFO:root:X:\Diziler\Legion\Florane Russel,#(s,wbc,bd,a,bu,bl),(1).mp4 has been encoded to X:\Diziler\Supergirl\Florane Russel,#(s,wbc,bd,a,bu,bl),(1).mp4 @ 2022-02-17 12:13:54.383025, lasted 0:02:51.519507
INFO:root:X:\Diziler\Supergirl\Florane Russel,#(s,wbc,bd,a,bu,bl),(1).mp4 is being deleted
INFO:root:X:\Diziler\Legion\Artemisia Love, Harlow West,#(gr,fa,na),(1).mp4 is being encoded to X:\Diziler\Supergirl\ Harlow West,Artemisia Love,#(gr,fa,na,s),(1).mp4 @ 2022-02-17 12:13:54.448034
INFO:root:X:\Diziler\Legion\Artemisia Love, Harlow West,#(gr,fa,na),(1).mp4 has been encoded to X:\Diziler\Supergirl\ Harlow West,Artemisia Love,#(gr,fa,na,s),(1).mp4 @ 2022-02-17 12:16:18.440639, lasted 0:02:23.992605
INFO:root:X:\Diziler\Supergirl\ Harlow West,Artemisia Love,#(gr,fa,na,s),(1).mp4 is being deleted
INFO:root:X:\Diziler\Legion\Penelope Cross,#(a,th,st),(1).mp4 is being encoded to X:\Diziler\Supergirl\Penelope Cross,#(a,th,st,s),(1).mp4 @ 2022-02-17 12:16:18.518603
INFO:root:X:\Diziler\Legion\Penelope Cross,#(a,th,st),(1).mp4 has been encoded to X:\Diziler\Supergirl\Penelope Cross,#(a,th,st,s),(1).mp4 @ 2022-02-17 12:19:22.313412, lasted 0:03:03.794809
INFO:root:X:\Diziler\Supergirl\Penelope Cross,#(a,th,st,s),(1).mp4 is being deleted
INFO:root:X:\Diziler\Legion\Aubrey Kate,#(s,ts),(1).mp4 is being encoded to X:\Diziler\Supergirl\Aubrey Kate,#(s,ts),(1).mp4 @ 2022-02-17 12:19:22.394746
INFO:root:X:\Diziler\Legion\Aubrey Kate,#(s,ts),(1).mp4 has been encoded to X:\Diziler\Supergirl\Aubrey Kate,#(s,ts),(1).mp4 @ 2022-02-17 12:21:43.752628, lasted 0:02:21.357882
INFO:root:X:\Diziler\Supergirl\Aubrey Kate,#(s,ts),(1).mp4 is being deleted
INFO:root:X:\Diziler\Legion\Baby Nicols,Agatha Vega,#(s),(1).mp4 is being encoded to X:\Diziler\Supergirl\Agatha Vega,Baby Nicols,#(s),(1).mp4 @ 2022-02-17 12:21:43.832050
INFO:root:X:\Diziler\Legion\Baby Nicols,Agatha Vega,#(s),(1).mp4 has been encoded to X:\Diziler\Supergirl\Agatha Vega,Baby Nicols,#(s),(1).mp4 @ 2022-02-17 12:25:17.052387, lasted 0:03:33.220337
INFO:root:X:\Diziler\Supergirl\Agatha Vega,Baby Nicols,#(s),(1).mp4 is being deleted
INFO:root:X:\Diziler\Legion\Ashley Lane,#(a,st,y),(1).mp4 is being encoded to X:\Diziler\Supergirl\Ashley Lane,#(a,st,y,s),(1).mp4 @ 2022-02-17 12:25:17.135840
INFO:root:X:\Diziler\Legion\Ashley Lane,#(a,st,y),(1).mp4 has been encoded to X:\Diziler\Supergirl\Ashley Lane,#(a,st,y,s),(1).mp4 @ 2022-02-17 12:28:08.743272, lasted 0:02:51.606411
INFO:root:X:\Diziler\Supergirl\Ashley Lane,#(a,st,y,s),(1).mp4 is being deleted
INFO:root:X:\Diziler\Legion\Alexa Flexy,#(th,a,dp,st,mmf),(2).mp4 is being encoded to X:\Diziler\Supergirl\Alexa Flexy,#(th,a,dp,st,mmf,s),(2).mp4 @ 2022-02-17 12:28:08.793516
INFO:root:X:\Diziler\Legion\Alexa Flexy,#(th,a,dp,st,mmf),(2).mp4 has been encoded to X:\Diziler\Supergirl\Alexa Flexy,#(th,a,dp,st,mmf,s),(2).mp4 @ 2022-02-17 12:31:29.336620, lasted 0:03:20.543104
INFO:root:X:\Diziler\Supergirl\Alexa Flexy,#(th,a,dp,st,mmf,s),(2).mp4 is being deleted
INFO:root:X:\Diziler\Legion\Angela White,#(s),(5).mp4 is being encoded to X:\Diziler\Supergirl\Angela White,#(s),(5).mp4 @ 2022-02-17 12:31:29.436704
INFO:root:X:\Diziler\Legion\Angela White,#(s),(5).mp4 has been encoded to X:\Diziler\Supergirl\Angela White,#(s),(5).mp4 @ 2022-02-17 12:35:05.315592, lasted 0:03:35.878888
INFO:root:X:\Diziler\Supergirl\Angela White,#(s),(5).mp4 is being deleted
INFO:root:X:\Diziler\Legion\Cory Chase,#(s,mm,bbc,cu,bl,bu,a),(4).mp4 is being encoded to X:\Diziler\Supergirl\Cory Chase,#(s,mm,bbc,cu,bl,bu,a),(4).mp4 @ 2022-02-17 12:35:05.401729
INFO:root:X:\Diziler\Legion\Cory Chase,#(s,mm,bbc,cu,bl,bu,a),(4).mp4 has been encoded to X:\Diziler\Supergirl\Cory Chase,#(s,mm,bbc,cu,bl,bu,a),(4).mp4 @ 2022-02-17 12:38:22.302018, lasted 0:03:16.900289
INFO:root:X:\Diziler\Supergirl\Cory Chase,#(s,mm,bbc,cu,bl,bu,a),(4).mp4 is being deleted
INFO:root:X:\Diziler\Legion\Lena Paul,Kay Ottie, Zoey Luna,#(gr,fffm,na,bu,rh,bl),(1).mp4 is being encoded to X:\Diziler\Supergirl\Lena Paul,Kay Ottie,Zoey Luna,#(gr,fffm,na,bu,rh,bl,s),(1).mp4 @ 2022-02-17 12:38:22.388362
INFO:root:X:\Diziler\Legion\Lena Paul,Kay Ottie, Zoey Luna,#(gr,fffm,na,bu,rh,bl),(1).mp4 has been encoded to X:\Diziler\Supergirl\Lena Paul,Kay Ottie,Zoey Luna,#(gr,fffm,na,bu,rh,bl,s),(1).mp4 @ 2022-02-17 12:40:55.161710, lasted 0:02:32.773348
INFO:root:X:\Diziler\Supergirl\Lena Paul,Kay Ottie,Zoey Luna,#(gr,fffm,na,bu,rh,bl,s),(1).mp4 is being deleted
INFO:root:X:\Diziler\Legion\Alexis Fawx,Angela White,#(s,gr,a,bu,bl,br),(2).mp4 is being encoded to X:\Diziler\Supergirl\Angela White,Alexis Fawx,#(s,gr,a,bu,bl,br),(2).mp4 @ 2022-02-17 12:40:55.225993
INFO:root:X:\Diziler\Legion\Alexis Fawx,Angela White,#(s,gr,a,bu,bl,br),(2).mp4 has been encoded to X:\Diziler\Supergirl\Angela White,Alexis Fawx,#(s,gr,a,bu,bl,br),(2).mp4 @ 2022-02-17 12:44:02.379200, lasted 0:03:07.153207
INFO:root:X:\Diziler\Supergirl\Angela White,Alexis Fawx,#(s,gr,a,bu,bl,br),(2).mp4 is being deleted
INFO:root:X:\Diziler\Legion\Dredd,Charlotte Satre,#(bbc,st,a,br),(1).mp4 is being encoded to X:\Diziler\Supergirl\Dredd,Charlotte Satre,#(bbc,st,a,br,s),(1).mp4 @ 2022-02-17 12:44:02.432555
INFO:root:X:\Diziler\Legion\Dredd,Charlotte Satre,#(bbc,st,a,br),(1).mp4 has been encoded to X:\Diziler\Supergirl\Dredd,Charlotte Satre,#(bbc,st,a,br,s),(1).mp4 @ 2022-02-17 12:47:42.195229, lasted 0:03:39.761657
INFO:root:X:\Diziler\Supergirl\Dredd,Charlotte Satre,#(bbc,st,a,br,s),(1).mp4 is being deleted
INFO:root:X:\Diziler\Legion\Clea Gaultier,#(dp,a,mmf,br),(1).mp4 is being encoded to X:\Diziler\Supergirl\Clea Gaultier,#(dp,a,mmf,br,s),(1).mp4 @ 2022-02-17 12:47:42.260497
INFO:root:X:\Diziler\Legion\Clea Gaultier,#(dp,a,mmf,br),(1).mp4 has been encoded to X:\Diziler\Supergirl\Clea Gaultier,#(dp,a,mmf,br,s),(1).mp4 @ 2022-02-17 12:50:33.229999, lasted 0:02:50.969502
INFO:root:X:\Diziler\Supergirl\Clea Gaultier,#(dp,a,mmf,br,s),(1).mp4 is being deleted
INFO:root:X:\Diziler\Legion\Sami White,#(s,na,tw,fv),(1).mp4 is being encoded to X:\Diziler\Supergirl\Sami White,#(s,na,tw,fv),(1).mp4 @ 2022-02-17 12:50:33.292311
INFO:root:X:\Diziler\Legion\Sami White,#(s,na,tw,fv),(1).mp4 has been encoded to X:\Diziler\Supergirl\Sami White,#(s,na,tw,fv),(1).mp4 @ 2022-02-17 12:52:54.696865, lasted 0:02:21.403554
INFO:root:X:\Diziler\Supergirl\Sami White,#(s,na,tw,fv),(1).mp4 is being deleted
INFO:root:X:\Diziler\Legion\Lady Gang,#(s,a,mmf,dp),(1).mp4 is being encoded to X:\Diziler\Supergirl\Lady Gang,#(s,a,mmf,dp),(1).mp4 @ 2022-02-17 12:52:54.766871
INFO:root:X:\Diziler\Legion\Lady Gang,#(s,a,mmf,dp),(1).mp4 has been encoded to X:\Diziler\Supergirl\Lady Gang,#(s,a,mmf,dp),(1).mp4 @ 2022-02-17 12:55:47.130856, lasted 0:02:52.363985
INFO:root:X:\Diziler\Supergirl\Lady Gang,#(s,a,mmf,dp),(1).mp4 is being deleted
INFO:root:X:\Diziler\Legion\Lauren Phillips, Lulu Chu,#(fa,fs,gr,rh,as),(1).mp4 is being encoded to X:\Diziler\Supergirl\Lauren Phillips, Lulu Chu,#(fa,fs,gr,rh,as,s),(1).mp4 @ 2022-02-17 12:55:47.188801
INFO:root:X:\Diziler\Legion\Lauren Phillips, Lulu Chu,#(fa,fs,gr,rh,as),(1).mp4 has been encoded to X:\Diziler\Supergirl\Lauren Phillips, Lulu Chu,#(fa,fs,gr,rh,as,s),(1).mp4 @ 2022-02-17 12:58:07.734005, lasted 0:02:20.545204
INFO:root:X:\Diziler\Supergirl\Lauren Phillips, Lulu Chu,#(fa,fs,gr,rh,as,s),(1).mp4 is being deleted
INFO:root:X:\Diziler\Legion\Silvia Dellai,Evelina Dellai,#(s,tw,gr,bbc,a,dp),(2).mp4 is being encoded to X:\Diziler\Supergirl\Silvia Dellai,Evelina Dellai,#(s,tw,gr,bbc,a,dp),(2).mp4 @ 2022-02-17 12:58:07.793247
INFO:root:X:\Diziler\Legion\Silvia Dellai,Evelina Dellai,#(s,tw,gr,bbc,a,dp),(2).mp4 has been encoded to X:\Diziler\Supergirl\Silvia Dellai,Evelina Dellai,#(s,tw,gr,bbc,a,dp),(2).mp4 @ 2022-02-17 13:02:14.709426, lasted 0:04:06.916179
INFO:root:X:\Diziler\Supergirl\Silvia Dellai,Evelina Dellai,#(s,tw,gr,bbc,a,dp),(2).mp4 is being deleted
INFO:root:X:\Diziler\Legion\Michele James,#(a,th),(1).mp4 is being encoded to X:\Diziler\Supergirl\Michele James,#(a,th,s),(1).mp4 @ 2022-02-17 13:02:14.789919
INFO:root:X:\Diziler\Legion\Michele James,#(a,th),(1).mp4 has been encoded to X:\Diziler\Supergirl\Michele James,#(a,th,s),(1).mp4 @ 2022-02-17 13:05:45.940632, lasted 0:03:31.149714
INFO:root:X:\Diziler\Supergirl\Michele James,#(a,th,s),(1).mp4 is being deleted
INFO:root:X:\Diziler\Legion\Lena Paul,Siri Dahl,#(s,bu,rh,bl),(1).mp4 is being encoded to X:\Diziler\Supergirl\Lena Paul,Siri Dahl,#(s,bu,rh,bl),(1).mp4 @ 2022-02-17 13:05:45.991786
INFO:root:X:\Diziler\Legion\Lena Paul,Siri Dahl,#(s,bu,rh,bl),(1).mp4 has been encoded to X:\Diziler\Supergirl\Lena Paul,Siri Dahl,#(s,bu,rh,bl),(1).mp4 @ 2022-02-17 14:16:15.721085, lasted 1:10:29.729299
INFO:root:X:\Diziler\Supergirl\Lena Paul,Siri Dahl,#(s,bu,rh,bl),(1).mp4 is being deleted
INFO:root:X:\Diziler\Legion\Liya Silver,#(s,f),(2).mp4 is being encoded to X:\Diziler\Supergirl\Liya Silver,#(s,f),(2).mp4 @ 2022-02-17 14:16:15.773346
INFO:root:X:\Diziler\Legion\Liya Silver,#(s,f),(2).mp4 has been encoded to X:\Diziler\Supergirl\Liya Silver,#(s,f),(2).mp4 @ 2022-02-17 14:19:07.916141, lasted 0:02:52.142795
INFO:root:X:\Diziler\Supergirl\Liya Silver,#(s,f),(2).mp4 is being deleted
INFO:root:X:\Diziler\Legion\Elsa Jean,#(th,a,bl),(1).mp4 is being encoded to X:\Diziler\Supergirl\Elsa Jean,#(th,a,bl,s),(1).mp4 @ 2022-02-17 14:19:07.977676
INFO:root:X:\Diziler\Legion\Elsa Jean,#(th,a,bl),(1).mp4 has been encoded to X:\Diziler\Supergirl\Elsa Jean,#(th,a,bl,s),(1).mp4 @ 2022-02-17 14:22:00.923162, lasted 0:02:52.945486
INFO:root:X:\Diziler\Supergirl\Elsa Jean,#(th,a,bl,s),(1).mp4 is being deleted
INFO:root:X:\Diziler\Legion\Billie Star,Brittany Bardot,#(s,bu,bl,gr,lb),(1).mp4 is being encoded to X:\Diziler\Supergirl\Brittany Bardot,Billie Star,#(s,bu,bl,gr,lb),(1).mp4 @ 2022-02-17 14:22:00.983540
INFO:root:X:\Diziler\Legion\Billie Star,Brittany Bardot,#(s,bu,bl,gr,lb),(1).mp4 has been encoded to X:\Diziler\Supergirl\Brittany Bardot,Billie Star,#(s,bu,bl,gr,lb),(1).mp4 @ 2022-02-17 14:25:48.522936, lasted 0:03:47.539396
INFO:root:X:\Diziler\Supergirl\Brittany Bardot,Billie Star,#(s,bu,bl,gr,lb),(1).mp4 is being deleted
INFO:root:X:\Diziler\Legion\Korra Del Rio,#(s,ts,a,mot),(1).mp4 is being encoded to X:\Diziler\Supergirl\Korra Del Rio,#(s,ts,a,mot),(1).mp4 @ 2022-02-17 14:25:48.569826
INFO:root:X:\Diziler\Legion\Korra Del Rio,#(s,ts,a,mot),(1).mp4 has been encoded to X:\Diziler\Supergirl\Korra Del Rio,#(s,ts,a,mot),(1).mp4 @ 2022-02-17 14:28:50.064260, lasted 0:03:01.494434
INFO:root:X:\Diziler\Supergirl\Korra Del Rio,#(s,ts,a,mot),(1).mp4 is being deleted
INFO:root:X:\Diziler\Legion\Emily Willis,#(s,cu,mmf,a,dp,st),(6).mp4 is being encoded to X:\Diziler\Supergirl\Emily Willis,#(s,cu,mmf,a,dp,st),(6).mp4 @ 2022-02-17 14:28:50.118010
INFO:root:X:\Diziler\Legion\Emily Willis,#(s,cu,mmf,a,dp,st),(6).mp4 has been encoded to X:\Diziler\Supergirl\Emily Willis,#(s,cu,mmf,a,dp,st),(6).mp4 @ 2022-02-17 14:31:35.153281, lasted 0:02:45.035271
INFO:root:X:\Diziler\Supergirl\Emily Willis,#(s,cu,mmf,a,dp,st),(6).mp4 is being deleted
INFO:root:X:\Diziler\Legion\Bella Rolland,#(s,a,bbc),(2).mp4 is being encoded to X:\Diziler\Supergirl\Bella Rolland,#(s,a,bbc),(2).mp4 @ 2022-02-17 14:31:35.204104
INFO:root:X:\Diziler\Legion\Bella Rolland,#(s,a,bbc),(2).mp4 has been encoded to X:\Diziler\Supergirl\Bella Rolland,#(s,a,bbc),(2).mp4 @ 2022-02-17 14:33:42.067059, lasted 0:02:06.862955
INFO:root:X:\Diziler\Supergirl\Bella Rolland,#(s,a,bbc),(2).mp4 is being deleted
INFO:root:X:\Diziler\Legion\Marley Brinx,Megan Rain,#(s,a,ffm,od),(1).mp4 is being encoded to X:\Diziler\Supergirl\Megan Rain,Marley Brinx,#(s,a,ffm,od),(1).mp4 @ 2022-02-17 14:33:42.113968
INFO:root:X:\Diziler\Legion\Marley Brinx,Megan Rain,#(s,a,ffm,od),(1).mp4 has been encoded to X:\Diziler\Supergirl\Megan Rain,Marley Brinx,#(s,a,ffm,od),(1).mp4 @ 2022-02-17 14:36:01.055734, lasted 0:02:18.941766
INFO:root:X:\Diziler\Supergirl\Megan Rain,Marley Brinx,#(s,a,ffm,od),(1).mp4 is being deleted
INFO:root:X:\Diziler\Legion\Emily Willis,#(s,th,a,st,br),(3).mp4 is being encoded to X:\Diziler\Supergirl\Emily Willis,#(s,th,a,st,br),(3).mp4 @ 2022-02-17 14:36:01.111129
INFO:root:X:\Diziler\Legion\Emily Willis,#(s,th,a,st,br),(3).mp4 has been encoded to X:\Diziler\Supergirl\Emily Willis,#(s,th,a,st,br),(3).mp4 @ 2022-02-17 14:38:29.771934, lasted 0:02:28.660805
INFO:root:X:\Diziler\Supergirl\Emily Willis,#(s,th,a,st,br),(3).mp4 is being deleted
INFO:root:X:\Diziler\Legion\Jolee Love,#(a,bu,br),(1).mp4 is being encoded to X:\Diziler\Supergirl\Jolee Love,#(a,bu,br,s),(1).mp4 @ 2022-02-17 14:38:29.823579
INFO:root:X:\Diziler\Legion\Jolee Love,#(a,bu,br),(1).mp4 has been encoded to X:\Diziler\Supergirl\Jolee Love,#(a,bu,br,s),(1).mp4 @ 2022-02-17 14:40:39.267466, lasted 0:02:09.443887
INFO:root:X:\Diziler\Supergirl\Jolee Love,#(a,bu,br,s),(1).mp4 is being deleted
INFO:root:X:\Diziler\Legion\Jennifer Mendez,#(mu,s,na),(2).mp4 is being encoded to X:\Diziler\Supergirl\Jennifer Mendez,#(mu,s,na),(2).mp4 @ 2022-02-17 14:40:39.316210
INFO:root:X:\Diziler\Legion\Jennifer Mendez,#(mu,s,na),(2).mp4 has been encoded to X:\Diziler\Supergirl\Jennifer Mendez,#(mu,s,na),(2).mp4 @ 2022-02-17 14:42:09.646005, lasted 0:01:30.329795
INFO:root:X:\Diziler\Supergirl\Jennifer Mendez,#(mu,s,na),(2).mp4 is being deleted
INFO:root:X:\Diziler\Legion\Silvia Dellai,Evelina Dellai,#(s,tw,fa,lb,st),(4).mp4 is being encoded to X:\Diziler\Supergirl\Silvia Dellai,Evelina Dellai,#(s,tw,fa,lb,st),(4).mp4 @ 2022-02-17 14:42:09.707762
INFO:root:X:\Diziler\Legion\Silvia Dellai,Evelina Dellai,#(s,tw,fa,lb,st),(4).mp4 has been encoded to X:\Diziler\Supergirl\Silvia Dellai,Evelina Dellai,#(s,tw,fa,lb,st),(4).mp4 @ 2022-02-17 14:43:30.397275, lasted 0:01:20.689513
INFO:root:X:\Diziler\Supergirl\Silvia Dellai,Evelina Dellai,#(s,tw,fa,lb,st),(4).mp4 is being deleted
INFO:root:X:\Diziler\Legion\Silvia Dellai,#(s,od,a,st),(1).mp4 is being encoded to X:\Diziler\Supergirl\Silvia Dellai,#(s,od,a,st),(1).mp4 @ 2022-02-17 14:43:30.434209
INFO:root:X:\Diziler\Legion\Silvia Dellai,#(s,od,a,st),(1).mp4 has been encoded to X:\Diziler\Supergirl\Silvia Dellai,#(s,od,a,st),(1).mp4 @ 2022-02-17 14:45:32.733562, lasted 0:02:02.299353
INFO:root:X:\Diziler\Supergirl\Silvia Dellai,#(s,od,a,st),(1).mp4 is being deleted
INFO:root:X:\Diziler\Legion\Chloe Lamour,#(s,bu,mu,a),(1).mp4 is being encoded to X:\Diziler\Supergirl\Chloe Lamour,#(s,bu,mu,a),(1).mp4 @ 2022-02-17 14:45:32.777718
INFO:root:X:\Diziler\Legion\Chloe Lamour,#(s,bu,mu,a),(1).mp4 has been encoded to X:\Diziler\Supergirl\Chloe Lamour,#(s,bu,mu,a),(1).mp4 @ 2022-02-17 14:47:03.132392, lasted 0:01:30.353662
INFO:root:X:\Diziler\Supergirl\Chloe Lamour,#(s,bu,mu,a),(1).mp4 is being deleted
INFO:root:X:\Diziler\Legion\Sky Bri,Lena The Plug,#(t,ffm,bu,bl,br),(1).mp4 is being encoded to X:\Diziler\Supergirl\Lena The Plug,Sky Bri,#(t,ffm,bu,bl,br,s),(1).mp4 @ 2022-02-17 14:47:03.167535
INFO:root:X:\Diziler\Legion\Sky Bri,Lena The Plug,#(t,ffm,bu,bl,br),(1).mp4 has been encoded to X:\Diziler\Supergirl\Lena The Plug,Sky Bri,#(t,ffm,bu,bl,br,s),(1).mp4 @ 2022-02-17 14:48:39.638041, lasted 0:01:36.470506
INFO:root:X:\Diziler\Supergirl\Lena The Plug,Sky Bri,#(t,ffm,bu,bl,br,s),(1).mp4 is being deleted
INFO:root:X:\Diziler\Legion\Katy Rose,#(s,a,mu),(1).mp4 is being encoded to X:\Diziler\Supergirl\Katy Rose,#(s,a,mu),(1).mp4 @ 2022-02-17 14:48:39.673950
INFO:root:X:\Diziler\Legion\Katy Rose,#(s,a,mu),(1).mp4 has been encoded to X:\Diziler\Supergirl\Katy Rose,#(s,a,mu),(1).mp4 @ 2022-02-17 16:09:56.756379, lasted 1:21:17.082429
INFO:root:X:\Diziler\Supergirl\Katy Rose,#(s,a,mu),(1).mp4 is being deleted
INFO:root:X:\Diziler\Legion\Ivy Lebelle,Lena Paul,#(ps,ffm,bu,bl),(1).mp4 is being encoded to X:\Diziler\Supergirl\Lena Paul,Ivy Lebelle,#(ps,ffm,bu,bl,s),(1).mp4 @ 2022-02-17 16:09:56.797089
INFO:root:X:\Diziler\Legion\Ivy Lebelle,Lena Paul,#(ps,ffm,bu,bl),(1).mp4 has been encoded to X:\Diziler\Supergirl\Lena Paul,Ivy Lebelle,#(ps,ffm,bu,bl,s),(1).mp4 @ 2022-02-17 16:10:06.372357, lasted 0:00:09.575268
INFO:root:X:\Diziler\Supergirl\Lena Paul,Ivy Lebelle,#(ps,ffm,bu,bl,s),(1).mp4 is being kept
INFO:root:66 raw files found t oencode. Starting encoding at 2022-03-01 18:07:57.517269
INFO:root:66 raw files found t oencode. Starting encoding at 2022-03-01 18:12:55.598967
INFO:root:66 raw files found t oencode. Starting encoding at 2022-03-01 18:14:40.316702
INFO:root:66 raw files found t oencode. Starting encoding at 2022-03-01 18:15:10.490801
INFO:root:66 raw files found t oencode. Starting encoding at 2022-03-01 22:52:04.138337
INFO:root:66 raw files found t oencode. Starting encoding at 2022-03-01 22:57:19.348351
INFO:root:66 raw files found t oencode. Starting encoding at 2022-03-01 22:57:46.836686
INFO:root:66 raw files found t oencode. Starting encoding at 2022-03-01 22:59:16.628747
INFO:root:66 raw files found t oencode. Starting encoding at 2022-03-01 23:00:27.810719
INFO:root:66 raw files found t oencode. Starting encoding at 2022-03-01 23:02:41.600127
INFO:root:66 raw files found t oencode. Starting encoding at 2022-03-01 23:04:04.068363
INFO:root:66 raw files found t oencode. Starting encoding at 2022-03-01 23:06:08.558025
INFO:root:X:\Diziler\Legion\Backdoor Beauties 10,#(a,m,bu,st),(1).mp4 is being encoded to X:\Diziler\Supergirl\Backdoor Beauties 10,#(a,bu,m,st),(1).mp4 @ 2022-03-01 23:07:10.799044
INFO:root:66 raw files found t oencode. Starting encoding at 2022-03-02 08:13:13.674219
INFO:root:X:\Diziler\Legion\Backdoor Beauties 10,#(a,m,bu,st),(1).mp4 is being encoded to X:\Diziler\Supergirl\Backdoor Beauties 10,#(a,bu,m,st),(2).mp4 @ 2022-03-02 08:13:13.759267
INFO:root:X:\Diziler\Legion\Backdoor Beauties 10,#(a,m,bu,st),(1).mp4 has been encoded to X:\Diziler\Supergirl\Backdoor Beauties 10,#(a,bu,m,st),(2).mp4 @ 2022-03-02 08:38:08.230303, lasted 0:24:54.471036
INFO:root:X:\Diziler\Supergirl\Backdoor Beauties 10,#(a,bu,m,st),(2).mp4 is being deleted
INFO:root:X:\Diziler\Legion\Trans Stars 6,#(ts,a,bi,m),(1).mp4 is being encoded to X:\Diziler\Supergirl\Trans Stars 6,#(a,bi,m,ts),(1).mp4 @ 2022-03-02 08:38:08.411316
INFO:root:X:\Diziler\Legion\Trans Stars 6,#(ts,a,bi,m),(1).mp4 has been encoded to X:\Diziler\Supergirl\Trans Stars 6,#(a,bi,m,ts),(1).mp4 @ 2022-03-02 09:00:14.880049, lasted 0:22:06.467733
INFO:root:X:\Diziler\Supergirl\Trans Stars 6,#(a,bi,m,ts),(1).mp4 is being deleted
INFO:root:X:\Diziler\Legion\\u0410nal Superstars,#(m,a,bu,st,bbc),(1).mp4 is being encoded to X:\Diziler\Supergirl\\u0410nal Superstars,#(a,bbc,bu,m,st),(1).mp4 @ 2022-03-02 09:00:14.990928
INFO:root:X:\Diziler\Legion\\u0410nal Superstars,#(m,a,bu,st,bbc),(1).mp4 has been encoded to X:\Diziler\Supergirl\\u0410nal Superstars,#(a,bbc,bu,m,st),(1).mp4 @ 2022-03-02 09:20:35.797292, lasted 0:20:20.806364
INFO:root:X:\Diziler\Supergirl\\u0410nal Superstars,#(a,bbc,bu,m,st),(1).mp4 is being deleted
INFO:root:X:\Diziler\Legion\Stacy Crystal,#(s,bl,a),(1).mp4 is being encoded to X:\Diziler\Supergirl\Stacy Crystal,#(a,bl,s),(1).mp4 @ 2022-03-02 09:20:35.998306
INFO:root:X:\Diziler\Legion\Stacy Crystal,#(s,bl,a),(1).mp4 has been encoded to X:\Diziler\Supergirl\Stacy Crystal,#(a,bl,s),(1).mp4 @ 2022-03-02 09:31:49.503033, lasted 0:11:13.504727
INFO:root:X:\Diziler\Supergirl\Stacy Crystal,#(a,bl,s),(1).mp4 is being deleted
INFO:root:X:\Diziler\Legion\Angels On Top 3,#(ts,bi,m,a),(1).mp4 is being encoded to X:\Diziler\Supergirl\Angels On Top 3,#(a,bi,m,ts),(1).mp4 @ 2022-03-02 09:31:49.699049
INFO:root:X:\Diziler\Legion\Angels On Top 3,#(ts,bi,m,a),(1).mp4 has been encoded to X:\Diziler\Supergirl\Angels On Top 3,#(a,bi,m,ts),(1).mp4 @ 2022-03-02 09:48:54.133006, lasted 0:17:04.433957
INFO:root:X:\Diziler\Supergirl\Angels On Top 3,#(a,bi,m,ts),(1).mp4 is being deleted
INFO:root:X:\Diziler\Legion\Bi Bi Neighbour,#(m,bi,mmf,a),(1).mp4 is being encoded to X:\Diziler\Supergirl\Bi Bi Neighbour,#(a,bi,m,mmf),(1).mp4 @ 2022-03-02 09:48:54.315658
INFO:root:X:\Diziler\Legion\Bi Bi Neighbour,#(m,bi,mmf,a),(1).mp4 has been encoded to X:\Diziler\Supergirl\Bi Bi Neighbour,#(a,bi,m,mmf),(1).mp4 @ 2022-03-02 10:02:37.083935, lasted 0:13:42.768277
INFO:root:X:\Diziler\Supergirl\Bi Bi Neighbour,#(a,bi,m,mmf),(1).mp4 is being deleted
INFO:root:X:\Diziler\Legion\Part 1.mp4 is being encoded to X:\Diziler\Supergirl\Part 1,#(s),(1).mp4 @ 2022-03-02 10:02:37.242232
INFO:root:X:\Diziler\Legion\Part 1.mp4 has been encoded to X:\Diziler\Supergirl\Part 1,#(s),(1).mp4 @ 2022-03-02 10:14:41.895599, lasted 0:12:04.653367
INFO:root:X:\Diziler\Supergirl\Part 1,#(s),(1).mp4 is being deleted
INFO:root:X:\Diziler\Legion\Part 2.mp4 is being encoded to X:\Diziler\Supergirl\Part 2,#(s),(1).mp4 @ 2022-03-02 10:14:42.074841
INFO:root:X:\Diziler\Legion\Part 2.mp4 has been encoded to X:\Diziler\Supergirl\Part 2,#(s),(1).mp4 @ 2022-03-02 10:26:12.144851, lasted 0:11:30.070010
INFO:root:X:\Diziler\Supergirl\Part 2,#(s),(1).mp4 is being deleted
INFO:root:X:\Diziler\Legion\Bi Schoolmates 2,#(bi,m,mmf,a),(1).mp4 is being encoded to X:\Diziler\Supergirl\Bi Schoolmates 2,#(a,bi,m,mmf),(1).mp4 @ 2022-03-02 10:26:12.260035
INFO:root:X:\Diziler\Legion\Bi Schoolmates 2,#(bi,m,mmf,a),(1).mp4 has been encoded to X:\Diziler\Supergirl\Bi Schoolmates 2,#(a,bi,m,mmf),(1).mp4 @ 2022-03-02 10:40:32.572793, lasted 0:14:20.312758
INFO:root:X:\Diziler\Supergirl\Bi Schoolmates 2,#(a,bi,m,mmf),(1).mp4 is being deleted
INFO:root:X:\Diziler\Legion\Bi Family Kink,#(bi,fa,a,mmf),(1).mp4 is being encoded to X:\Diziler\Supergirl\Bi Family Kink,#(a,bi,fa,mmf,s),(1).mp4 @ 2022-03-02 10:40:32.637799
INFO:root:X:\Diziler\Legion\Bi Family Kink,#(bi,fa,a,mmf),(1).mp4 has been encoded to X:\Diziler\Supergirl\Bi Family Kink,#(a,bi,fa,mmf,s),(1).mp4 @ 2022-03-02 10:53:46.929085, lasted 0:13:14.291286
INFO:root:X:\Diziler\Supergirl\Bi Family Kink,#(a,bi,fa,mmf,s),(1).mp4 is being deleted
INFO:root:X:\Diziler\Legion\TS Cheaters 3,#(bi,ts,m),(1).mp4 is being encoded to X:\Diziler\Supergirl\TS Cheaters 3,#(bi,m,ts),(1).mp4 @ 2022-03-02 10:53:47.014093
INFO:root:X:\Diziler\Legion\TS Cheaters 3,#(bi,ts,m),(1).mp4 has been encoded to X:\Diziler\Supergirl\TS Cheaters 3,#(bi,m,ts),(1).mp4 @ 2022-03-02 11:08:12.006635, lasted 0:14:24.992542
INFO:root:X:\Diziler\Supergirl\TS Cheaters 3,#(bi,m,ts),(1).mp4 is being deleted
INFO:root:X:\Diziler\Legion\Couples Go Bi,#(m,bi,mmf,a),(1).mp4 is being encoded to X:\Diziler\Supergirl\Couples Go Bi,#(a,bi,m,mmf),(1).mp4 @ 2022-03-02 11:08:12.098642
INFO:root:X:\Diziler\Legion\Couples Go Bi,#(m,bi,mmf,a),(1).mp4 has been encoded to X:\Diziler\Supergirl\Couples Go Bi,#(a,bi,m,mmf),(1).mp4 @ 2022-03-02 11:18:16.104111, lasted 0:10:04.005469
INFO:root:X:\Diziler\Supergirl\Couples Go Bi,#(a,bi,m,mmf),(1).mp4 is being deleted
INFO:root:X:\Diziler\Legion\Double Booked Honeymoon,#(ts,m,l,rh),(1).mp4 is being encoded to X:\Diziler\Supergirl\Double Booked Honeymoon,#(l,m,rh,ts),(1).mp4 @ 2022-03-02 11:18:16.221444
INFO:root:X:\Diziler\Legion\Double Booked Honeymoon,#(ts,m,l,rh),(1).mp4 has been encoded to X:\Diziler\Supergirl\Double Booked Honeymoon,#(l,m,rh,ts),(1).mp4 @ 2022-03-02 11:28:50.928706, lasted 0:10:34.707262
INFO:root:X:\Diziler\Supergirl\Double Booked Honeymoon,#(l,m,rh,ts),(1).mp4 is being deleted
INFO:root:X:\Diziler\Legion\Angel Wicky,#(a,s,bu,bl,gr),(1).mp4 is being encoded to X:\Diziler\Supergirl\Angel Wicky,#(a,bl,bu,gr,s),(1).mp4 @ 2022-03-02 11:28:51.022931
INFO:root:X:\Diziler\Legion\Angel Wicky,#(a,s,bu,bl,gr),(1).mp4 has been encoded to X:\Diziler\Supergirl\Angel Wicky,#(a,bl,bu,gr,s),(1).mp4 @ 2022-03-02 11:34:48.374922, lasted 0:05:57.351991
INFO:root:X:\Diziler\Supergirl\Angel Wicky,#(a,bl,bu,gr,s),(1).mp4 is being deleted
INFO:root:X:\Diziler\Legion\Bi Sexual Cuckold 9,#(bi,ffm,co,a,m),(1).mp4 is being encoded to X:\Diziler\Supergirl\Bi Sexual Cuckold 9,#(a,bi,co,ffm,m),(1).mp4 @ 2022-03-02 11:34:48.480349
INFO:root:X:\Diziler\Legion\Bi Sexual Cuckold 9,#(bi,ffm,co,a,m),(1).mp4 has been encoded to X:\Diziler\Supergirl\Bi Sexual Cuckold 9,#(a,bi,co,ffm,m),(1).mp4 @ 2022-03-02 11:45:32.051129, lasted 0:10:43.570780
INFO:root:X:\Diziler\Supergirl\Bi Sexual Cuckold 9,#(a,bi,co,ffm,m),(1).mp4 is being deleted
INFO:root:X:\Diziler\Legion\Tina Kay,Elle Rose,#(s,br,gr,a,uk,fs),(1).mp4 is being encoded to X:\Diziler\Supergirl\Tina Kay,Elle Rose,#(a,br,fs,gr,s,uk),(1).mp4 @ 2022-03-02 11:45:32.160903
INFO:root:X:\Diziler\Legion\Tina Kay,Elle Rose,#(s,br,gr,a,uk,fs),(1).mp4 has been encoded to X:\Diziler\Supergirl\Tina Kay,Elle Rose,#(a,br,fs,gr,s,uk),(1).mp4 @ 2022-03-02 11:51:57.446924, lasted 0:06:25.286021
INFO:root:X:\Diziler\Supergirl\Tina Kay,Elle Rose,#(a,br,fs,gr,s,uk),(1).mp4 is being deleted
INFO:root:X:\Diziler\Legion\Marilyn Crystal,#(s,a,bl),(1).mp4 is being encoded to X:\Diziler\Supergirl\Marilyn Crystal,#(a,bl,s),(1).mp4 @ 2022-03-02 11:51:57.548097
INFO:root:X:\Diziler\Legion\Marilyn Crystal,#(s,a,bl),(1).mp4 has been encoded to X:\Diziler\Supergirl\Marilyn Crystal,#(a,bl,s),(1).mp4 @ 2022-03-02 11:57:48.289056, lasted 0:05:50.740959
INFO:root:X:\Diziler\Supergirl\Marilyn Crystal,#(a,bl,s),(1).mp4 is being deleted
INFO:root:X:\Diziler\Legion\Maria Visconti,#(bu,ca,a,s),(1).mp4 is being encoded to X:\Diziler\Supergirl\Maria Visconti,#(a,bu,ca,s),(1).mp4 @ 2022-03-02 11:57:48.462016
INFO:root:X:\Diziler\Legion\Maria Visconti,#(bu,ca,a,s),(1).mp4 has been encoded to X:\Diziler\Supergirl\Maria Visconti,#(a,bu,ca,s),(1).mp4 @ 2022-03-02 12:03:48.274145, lasted 0:05:59.812129
INFO:root:X:\Diziler\Supergirl\Maria Visconti,#(a,bu,ca,s),(1).mp4 is being deleted
INFO:root:X:\Diziler\Legion\Barbara Bella,#(ca,s,br,a,),(1).mp4 is being encoded to X:\Diziler\Supergirl\Barbara Bella,#(a,br,ca,s),(1).mp4 @ 2022-03-02 12:03:48.607387
INFO:root:X:\Diziler\Legion\Barbara Bella,#(ca,s,br,a,),(1).mp4 has been encoded to X:\Diziler\Supergirl\Barbara Bella,#(a,br,ca,s),(1).mp4 @ 2022-03-02 12:08:28.850489, lasted 0:04:40.242100
INFO:root:X:\Diziler\Supergirl\Barbara Bella,#(a,br,ca,s),(1).mp4 is being deleted
INFO:root:X:\Diziler\Legion\Tina Kay,#(s,uk,a),(1).mp4 is being encoded to X:\Diziler\Supergirl\Tina Kay,#(a,s,uk),(1).mp4 @ 2022-03-02 12:08:28.991917
INFO:root:X:\Diziler\Legion\Tina Kay,#(s,uk,a),(1).mp4 has been encoded to X:\Diziler\Supergirl\Tina Kay,#(a,s,uk),(1).mp4 @ 2022-03-02 12:12:17.060789, lasted 0:03:48.068872
INFO:root:X:\Diziler\Supergirl\Tina Kay,#(a,s,uk),(1).mp4 is being deleted
INFO:root:X:\Diziler\Legion\Tina Kay,#(s,uk,a),(2).mp4 is being encoded to X:\Diziler\Supergirl\Tina Kay,#(a,s,uk),(2).mp4 @ 2022-03-02 12:12:17.676628
INFO:root:X:\Diziler\Legion\Tina Kay,#(s,uk,a),(2).mp4 has been encoded to X:\Diziler\Supergirl\Tina Kay,#(a,s,uk),(2).mp4 @ 2022-03-02 12:16:26.204490, lasted 0:04:08.527862
INFO:root:X:\Diziler\Supergirl\Tina Kay,#(a,s,uk),(2).mp4 is being deleted
INFO:root:X:\Diziler\Legion\Kaisa Nord,#(s,a,bu),(1).mp4 is being encoded to X:\Diziler\Supergirl\Kaisa Nord,#(a,bu,s),(1).mp4 @ 2022-03-02 12:16:26.376180
INFO:root:X:\Diziler\Legion\Kaisa Nord,#(s,a,bu),(1).mp4 has been encoded to X:\Diziler\Supergirl\Kaisa Nord,#(a,bu,s),(1).mp4 @ 2022-03-02 12:21:20.868391, lasted 0:04:54.491209
INFO:root:X:\Diziler\Supergirl\Kaisa Nord,#(a,bu,s),(1).mp4 is being deleted
INFO:root:X:\Diziler\Legion\Megan Venturi,Lady Dee,#(s,gr,mmf,dap,wbc,a,br,ur),(1).mp4 is being encoded to X:\Diziler\Supergirl\Lady Dee,Megan Venturi,#(a,br,dap,gr,mmf,s,ur,wbc),(1).mp4 @ 2022-03-02 12:21:21.002244
INFO:root:X:\Diziler\Legion\Megan Venturi,Lady Dee,#(s,gr,mmf,dap,wbc,a,br,ur),(1).mp4 has been encoded to X:\Diziler\Supergirl\Lady Dee,Megan Venturi,#(a,br,dap,gr,mmf,s,ur,wbc),(1).mp4 @ 2022-03-02 12:31:49.307165, lasted 0:10:28.305922
INFO:root:X:\Diziler\Supergirl\Lady Dee,Megan Venturi,#(a,br,dap,gr,mmf,s,ur,wbc),(1).mp4 is being deleted
INFO:root:44 raw files found t oencode. Starting encoding at 2022-03-02 14:00:40.783224
INFO:root:X:\Diziler\Legion\Leana Lovings,Jasmine Wilde,#(fa,s,fs,na,st),(1).mp4 is being encoded to X:\Diziler\Supergirl\Leana Lovings,Jasmine Wilde,#(fa,fs,na,s,st),(1).mp4 @ 2022-03-02 14:00:40.815227
INFO:root:X:\Diziler\Legion\Leana Lovings,Jasmine Wilde,#(fa,s,fs,na,st),(1).mp4 has been encoded to X:\Diziler\Supergirl\Leana Lovings,Jasmine Wilde,#(fa,fs,na,s,st),(1).mp4 @ 2022-03-02 14:05:22.055413, lasted 0:04:41.239186
INFO:root:X:\Diziler\Supergirl\Leana Lovings,Jasmine Wilde,#(fa,fs,na,s,st),(1).mp4 is being deleted
INFO:root:52 raw files found t oencode. Starting encoding at 2022-03-02 18:24:05.472601
INFO:root:X:\Diziler\Legion\SWHL9_720_2022.mp4.!qB is being encoded to X:\Diziler\Supergirl\SWHL9_720_2022.!qB,#(s),(1).mp4 @ 2022-03-02 18:24:05.599411
INFO:root:45 raw files found t oencode. Starting encoding at 2022-03-02 18:32:54.381608
INFO:root:45 raw files found t oencode. Starting encoding at 2022-03-02 18:44:50.478288
INFO:root:49 raw files found t oencode. Starting encoding at 2022-03-02 18:50:27.020569
INFO:root:49 raw files found t oencode. Starting encoding at 2022-03-02 18:51:00.443501
INFO:root:X:\Diziler\Legion\Cory Chase, Melanie Hicks,#(a,t,ffm,sbu),(1).mp4 is being encoded to X:\Diziler\Supergirl\Cory Chase, Melanie Hicks,#(a,ffm,s,sbu,t),(1).mp4 @ 2022-03-02 18:51:00.514188
INFO:root:X:\Diziler\Legion\Cory Chase, Melanie Hicks,#(a,t,ffm,sbu),(1).mp4 has been encoded to X:\Diziler\Supergirl\Cory Chase, Melanie Hicks,#(a,ffm,s,sbu,t),(1).mp4 @ 2022-03-02 18:58:06.146873, lasted 0:07:05.632685
INFO:root:X:\Diziler\Supergirl\Cory Chase, Melanie Hicks,#(a,ffm,s,sbu,t),(1).mp4 is being deleted
INFO:root:X:\Diziler\Legion\Leana Lovings,Jasmine Wilde,#(fa,s,fs,na,st),(1).mp4 is being encoded to X:\Diziler\Supergirl\Leana Lovings,Jasmine Wilde,#(fa,fs,na,s,st),(2).mp4 @ 2022-03-02 18:58:06.223879
INFO:root:X:\Diziler\Legion\Leana Lovings,Jasmine Wilde,#(fa,s,fs,na,st),(1).mp4 has been encoded to X:\Diziler\Supergirl\Leana Lovings,Jasmine Wilde,#(fa,fs,na,s,st),(2).mp4 @ 2022-03-02 19:04:27.503110, lasted 0:06:21.278231
INFO:root:X:\Diziler\Supergirl\Leana Lovings,Jasmine Wilde,#(fa,fs,na,s,st),(2).mp4 is being deleted
INFO:root:X:\Diziler\Legion\Avi Love,#(a,s,tp,dp,dap,st,br),(1).mp4 is being encoded to X:\Diziler\Supergirl\Avi Love,#(a,br,dap,dp,s,st,tp),(1).mp4 @ 2022-03-02 19:04:27.742575
INFO:root:X:\Diziler\Legion\Avi Love,#(a,s,tp,dp,dap,st,br),(1).mp4 has been encoded to X:\Diziler\Supergirl\Avi Love,#(a,br,dap,dp,s,st,tp),(1).mp4 @ 2022-03-02 19:09:56.930745, lasted 0:05:29.188170
INFO:root:X:\Diziler\Supergirl\Avi Love,#(a,br,dap,dp,s,st,tp),(1).mp4 is being deleted
INFO:root:X:\Diziler\Legion\Selvaggia,#(s,a,st),(1).mp4 is being encoded to X:\Diziler\Supergirl\Selvaggia,#(a,s,st),(1).mp4 @ 2022-03-02 19:09:56.984296
INFO:root:X:\Diziler\Legion\Selvaggia,#(s,a,st),(1).mp4 has been encoded to X:\Diziler\Supergirl\Selvaggia,#(a,s,st),(1).mp4 @ 2022-03-02 19:14:31.709074, lasted 0:04:34.724778
INFO:root:X:\Diziler\Supergirl\Selvaggia,#(a,s,st),(1).mp4 is being deleted
INFO:root:X:\Diziler\Legion\Natalie Cherie,#(a,s,gr,dap,dp,bl,bu),(1).mp4 is being encoded to X:\Diziler\Supergirl\Natalie Cherie,#(a,bl,bu,dap,dp,gr,s),(1).mp4 @ 2022-03-02 19:14:31.969622
INFO:root:X:\Diziler\Legion\Natalie Cherie,#(a,s,gr,dap,dp,bl,bu),(1).mp4 has been encoded to X:\Diziler\Supergirl\Natalie Cherie,#(a,bl,bu,dap,dp,gr,s),(1).mp4 @ 2022-03-02 19:20:57.619311, lasted 0:06:25.649689
INFO:root:X:\Diziler\Supergirl\Natalie Cherie,#(a,bl,bu,dap,dp,gr,s),(1).mp4 is being deleted
INFO:root:50 raw files found to encode. Starting encoding at 2022-03-02 19:31:28.032029
INFO:root:X:\Diziler\Legion\Bi Boys,Liv Revamped,#(bi,ffm,s,a),(1).mp4 is being encoded to X:\Diziler\Supergirl\Bi Boys,Liv Revamped,#(a,bi,ffm,s),(1).mp4 @ 2022-03-02 19:31:28.100696
INFO:root:X:\Diziler\Legion\Bi Boys,Liv Revamped,#(bi,ffm,s,a),(1).mp4 has been encoded to X:\Diziler\Supergirl\Bi Boys,Liv Revamped,#(a,bi,ffm,s),(1).mp4 @ 2022-03-02 19:35:38.548672, lasted 0:04:10.447976
INFO:root:X:\Diziler\Supergirl\Bi Boys,Liv Revamped,#(a,bi,ffm,s),(1).mp4 is being deleted
INFO:root:X:\Diziler\Legion\Kenna James,#(s,a,th),(1).mp4 is being encoded to X:\Diziler\Supergirl\Kenna James,#(a,s,th),(1).mp4 @ 2022-03-02 19:35:38.626806
INFO:root:X:\Diziler\Legion\Kenna James,#(s,a,th),(1).mp4 has been encoded to X:\Diziler\Supergirl\Kenna James,#(a,s,th),(1).mp4 @ 2022-03-02 19:39:04.519881, lasted 0:03:25.893075
INFO:root:X:\Diziler\Supergirl\Kenna James,#(a,s,th),(1).mp4 is being deleted
INFO:root:X:\Diziler\Legion\Maddy May,#(a,bu),(1).mp4 is being encoded to X:\Diziler\Supergirl\Maddy May,#(a,bu,s),(1).mp4 @ 2022-03-02 19:39:04.593873
INFO:root:X:\Diziler\Legion\Maddy May,#(a,bu),(1).mp4 has been encoded to X:\Diziler\Supergirl\Maddy May,#(a,bu,s),(1).mp4 @ 2022-03-02 19:42:14.031645, lasted 0:03:09.436771
INFO:root:X:\Diziler\Supergirl\Maddy May,#(a,bu,s),(1).mp4 is being deleted
INFO:root:47 raw files found to encode. Starting encoding at 2022-03-02 19:43:07.878542
INFO:root:X:\Diziler\Legion\My Wife Found Out Im Bi 2 Sc3,#(bi,ffm,s,a),(3).mp4 is being encoded to X:\Diziler\Supergirl\My Wife Found Out Im Bi 2 Sc3,#(a,bi,ffm,s),(3).mp4 @ 2022-03-02 19:43:07.954433
INFO:root:X:\Diziler\Legion\My Wife Found Out Im Bi 2 Sc3,#(bi,ffm,s,a),(3).mp4 has been encoded to X:\Diziler\Supergirl\My Wife Found Out Im Bi 2 Sc3,#(a,bi,ffm,s),(3).mp4 @ 2022-03-02 19:46:36.026058, lasted 0:03:28.071625
INFO:root:X:\Diziler\Supergirl\My Wife Found Out Im Bi 2 Sc3,#(a,bi,ffm,s),(3).mp4 is being deleted
INFO:root:X:\Diziler\Legion\Delilah Day,Lilly Bell,#(fa,fs,na,st,gr),(1).mp4 is being encoded to X:\Diziler\Supergirl\Delilah Day,Lilly Bell,#(fa,fs,gr,na,s,st),(1).mp4 @ 2022-03-02 19:46:36.151091
INFO:root:X:\Diziler\Legion\Delilah Day,Lilly Bell,#(fa,fs,na,st,gr),(1).mp4 has been encoded to X:\Diziler\Supergirl\Delilah Day,Lilly Bell,#(fa,fs,gr,na,s,st),(1).mp4 @ 2022-03-02 19:52:26.523385, lasted 0:05:50.372294
INFO:root:X:\Diziler\Supergirl\Delilah Day,Lilly Bell,#(fa,fs,gr,na,s,st),(1).mp4 is being deleted
INFO:root:X:\Diziler\Legion\Haley Reed,#(s,co,bbc,dp,a,mmf),(1).mp4 is being encoded to X:\Diziler\Supergirl\Haley Reed,#(a,bbc,co,dp,mmf,s),(1).mp4 @ 2022-03-02 19:52:26.759487
INFO:root:X:\Diziler\Legion\Haley Reed,#(s,co,bbc,dp,a,mmf),(1).mp4 has been encoded to X:\Diziler\Supergirl\Haley Reed,#(a,bbc,co,dp,mmf,s),(1).mp4 @ 2022-03-02 19:56:23.233829, lasted 0:03:56.474342
INFO:root:X:\Diziler\Supergirl\Haley Reed,#(a,bbc,co,dp,mmf,s),(1).mp4 is being deleted
INFO:root:X:\Diziler\Legion\Talia Mint,#(s,a,th),(4).mp4 is being encoded to X:\Diziler\Supergirl\Talia Mint,#(a,s,th),(4).mp4 @ 2022-03-02 19:56:23.358866
INFO:root:X:\Diziler\Legion\Talia Mint,#(s,a,th),(4).mp4 has been encoded to X:\Diziler\Supergirl\Talia Mint,#(a,s,th),(4).mp4 @ 2022-03-02 20:00:02.179147, lasted 0:03:38.820281
INFO:root:X:\Diziler\Supergirl\Talia Mint,#(a,s,th),(4).mp4 is being deleted
INFO:root:X:\Diziler\Legion\Best of Big Tits,#(s,bu),(2).mp4 is being encoded to X:\Diziler\Supergirl\Best of Big Tits,#(bu,s),(2).mp4 @ 2022-03-02 20:00:02.319813
INFO:root:X:\Diziler\Legion\Best of Big Tits,#(s,bu),(2).mp4 has been encoded to X:\Diziler\Supergirl\Best of Big Tits,#(bu,s),(2).mp4 @ 2022-03-02 20:03:08.039580, lasted 0:03:05.719767
INFO:root:X:\Diziler\Supergirl\Best of Big Tits,#(bu,s),(2).mp4 is being deleted
INFO:root:X:\Diziler\Legion\Sasha Rose,Cayenne Kline,#(s,a,th),(3).mp4 is being encoded to X:\Diziler\Supergirl\Sasha Rose,Cayenne Kline,#(a,s,th),(3).mp4 @ 2022-03-02 20:03:08.290422
INFO:root:X:\Diziler\Legion\Sasha Rose,Cayenne Kline,#(s,a,th),(3).mp4 has been encoded to X:\Diziler\Supergirl\Sasha Rose,Cayenne Kline,#(a,s,th),(3).mp4 @ 2022-03-02 20:06:32.368802, lasted 0:03:24.078380
INFO:root:X:\Diziler\Supergirl\Sasha Rose,Cayenne Kline,#(a,s,th),(3).mp4 is being deleted
INFO:root:X:\Diziler\Legion\Jennifer Mendez,#(a,s,co,bu,br),(1).mp4 is being encoded to X:\Diziler\Supergirl\Jennifer Mendez,#(a,br,bu,co,s),(1).mp4 @ 2022-03-02 20:06:32.559423
INFO:root:X:\Diziler\Legion\Jennifer Mendez,#(a,s,co,bu,br),(1).mp4 has been encoded to X:\Diziler\Supergirl\Jennifer Mendez,#(a,br,bu,co,s),(1).mp4 @ 2022-03-02 20:10:02.143991, lasted 0:03:29.584568
INFO:root:X:\Diziler\Supergirl\Jennifer Mendez,#(a,br,bu,co,s),(1).mp4 is being deleted
INFO:root:X:\Diziler\Legion\Rebel Rhyder,#(a,bu,mmf,ts),(1).mp4 is being encoded to X:\Diziler\Supergirl\Rebel Rhyder,#(a,bu,mmf,s,ts),(1).mp4 @ 2022-03-02 20:10:02.269421
INFO:root:X:\Diziler\Legion\Rebel Rhyder,#(a,bu,mmf,ts),(1).mp4 has been encoded to X:\Diziler\Supergirl\Rebel Rhyder,#(a,bu,mmf,s,ts),(1).mp4 @ 2022-03-02 20:14:06.634512, lasted 0:04:04.365091
INFO:root:X:\Diziler\Supergirl\Rebel Rhyder,#(a,bu,mmf,s,ts),(1).mp4 is being deleted
INFO:root:X:\Diziler\Legion\Best of Big Tits,#(s,bu),(4).mp4 is being encoded to X:\Diziler\Supergirl\Best of Big Tits,#(bu,s),(4).mp4 @ 2022-03-02 20:14:06.809235
INFO:root:X:\Diziler\Legion\Best of Big Tits,#(s,bu),(4).mp4 has been encoded to X:\Diziler\Supergirl\Best of Big Tits,#(bu,s),(4).mp4 @ 2022-03-02 20:17:53.533976, lasted 0:03:46.724741
INFO:root:X:\Diziler\Supergirl\Best of Big Tits,#(bu,s),(4).mp4 is being deleted
INFO:root:X:\Diziler\Legion\Asuna Fox,#(a,s,st),(1).mp4 is being encoded to X:\Diziler\Supergirl\Asuna Fox,#(a,s,st),(1).mp4 @ 2022-03-02 20:17:53.731574
INFO:root:X:\Diziler\Legion\Asuna Fox,#(a,s,st),(1).mp4 has been encoded to X:\Diziler\Supergirl\Asuna Fox,#(a,s,st),(1).mp4 @ 2022-03-02 20:23:26.169601, lasted 0:05:32.438027
INFO:root:X:\Diziler\Supergirl\Asuna Fox,#(a,s,st),(1).mp4 is being deleted
INFO:root:X:\Diziler\Legion\Lisey Sweet,#(a,s,mt,bl),(1).mp4 is being encoded to X:\Diziler\Supergirl\Lisey Sweet,#(a,bl,mt,s),(1).mp4 @ 2022-03-02 20:23:26.252603
INFO:root:X:\Diziler\Legion\Lisey Sweet,#(a,s,mt,bl),(1).mp4 has been encoded to X:\Diziler\Supergirl\Lisey Sweet,#(a,bl,mt,s),(1).mp4 @ 2022-03-02 20:29:02.659353, lasted 0:05:36.405750
INFO:root:X:\Diziler\Supergirl\Lisey Sweet,#(a,bl,mt,s),(1).mp4 is being deleted
INFO:root:X:\Diziler\Legion\Lena Paul.mp4 is being encoded to X:\Diziler\Supergirl\Lena Paul,#(s),(1).mp4 @ 2022-03-02 20:29:02.713356
INFO:root:X:\Diziler\Legion\Lena Paul.mp4 has been encoded to X:\Diziler\Supergirl\Lena Paul,#(s),(1).mp4 @ 2022-03-02 20:32:34.219795, lasted 0:03:31.506439
INFO:root:X:\Diziler\Supergirl\Lena Paul,#(s),(1).mp4 is being deleted
INFO:root:X:\Diziler\Legion\Penny Pax.mp4 is being encoded to X:\Diziler\Supergirl\Penny Pax,#(s),(1).mp4 @ 2022-03-02 20:32:34.255799
INFO:root:X:\Diziler\Legion\Penny Pax.mp4 has been encoded to X:\Diziler\Supergirl\Penny Pax,#(s),(1).mp4 @ 2022-03-02 20:35:08.622992, lasted 0:02:34.367193
INFO:root:X:\Diziler\Supergirl\Penny Pax,#(s),(1).mp4 is being deleted
INFO:root:X:\Diziler\Legion\Ashley Adams,#(s,a,fm),(1).mp4 is being encoded to X:\Diziler\Supergirl\Ashley Adams,#(a,fm,s),(1).mp4 @ 2022-03-02 20:35:08.836261
INFO:root:X:\Diziler\Legion\Ashley Adams,#(s,a,fm),(1).mp4 has been encoded to X:\Diziler\Supergirl\Ashley Adams,#(a,fm,s),(1).mp4 @ 2022-03-02 20:43:19.761356, lasted 0:08:10.925095
INFO:root:X:\Diziler\Supergirl\Ashley Adams,#(a,fm,s),(1).mp4 is being deleted
INFO:root:X:\Diziler\Legion\Lara Frost,Ella Elastic,#(s,a,dp,st,ffm,lb),(1).mp4 is being encoded to X:\Diziler\Supergirl\Ella Elastic,Lara Frost,#(a,dp,ffm,lb,s,st),(1).mp4 @ 2022-03-02 20:43:19.840386
INFO:root:X:\Diziler\Legion\Lara Frost,Ella Elastic,#(s,a,dp,st,ffm,lb),(1).mp4 has been encoded to X:\Diziler\Supergirl\Ella Elastic,Lara Frost,#(a,dp,ffm,lb,s,st),(1).mp4 @ 2022-03-02 20:47:34.042530, lasted 0:04:14.202144
INFO:root:X:\Diziler\Supergirl\Ella Elastic,Lara Frost,#(a,dp,ffm,lb,s,st),(1).mp4 is being deleted
INFO:root:X:\Diziler\Legion\My Wife Found Out Im Bi 2 Sc1,#(bi,ffm,s,a),(1).mp4 is being encoded to X:\Diziler\Supergirl\My Wife Found Out Im Bi 2 Sc1,#(a,bi,ffm,s),(1).mp4 @ 2022-03-02 20:47:34.120207
INFO:root:X:\Diziler\Legion\My Wife Found Out Im Bi 2 Sc1,#(bi,ffm,s,a),(1).mp4 has been encoded to X:\Diziler\Supergirl\My Wife Found Out Im Bi 2 Sc1,#(a,bi,ffm,s),(1).mp4 @ 2022-03-02 20:50:33.833936, lasted 0:02:59.713729
INFO:root:X:\Diziler\Supergirl\My Wife Found Out Im Bi 2 Sc1,#(a,bi,ffm,s),(1).mp4 is being deleted
INFO:root:X:\Diziler\Legion\Mona Azar,#(a,bu),(1).mp4 is being encoded to X:\Diziler\Supergirl\Mona Azar,#(a,bu,s),(1).mp4 @ 2022-03-02 20:50:33.903128
INFO:root:X:\Diziler\Legion\Mona Azar,#(a,bu),(1).mp4 has been encoded to X:\Diziler\Supergirl\Mona Azar,#(a,bu,s),(1).mp4 @ 2022-03-02 20:54:22.084235, lasted 0:03:48.181107
INFO:root:X:\Diziler\Supergirl\Mona Azar,#(a,bu,s),(1).mp4 is being deleted
INFO:root:X:\Diziler\Legion\Lady Dee,#(a,s,st),(1).mp4 is being encoded to X:\Diziler\Supergirl\Lady Dee,#(a,s,st),(1).mp4 @ 2022-03-02 20:54:22.177650
INFO:root:X:\Diziler\Legion\Lady Dee,#(a,s,st),(1).mp4 has been encoded to X:\Diziler\Supergirl\Lady Dee,#(a,s,st),(1).mp4 @ 2022-03-02 20:59:16.671070, lasted 0:04:54.493420
INFO:root:X:\Diziler\Supergirl\Lady Dee,#(a,s,st),(1).mp4 is being deleted
INFO:root:X:\Diziler\Legion\Anal Angels 6,#(m,a,th),(2).mp4 is being encoded to X:\Diziler\Supergirl\Anal Angels 6,#(a,m,th),(2).mp4 @ 2022-03-02 20:59:16.738080
INFO:root:X:\Diziler\Legion\Anal Angels 6,#(m,a,th),(2).mp4 has been encoded to X:\Diziler\Supergirl\Anal Angels 6,#(a,m,th),(2).mp4 @ 2022-03-02 21:01:59.773574, lasted 0:02:43.035494
INFO:root:X:\Diziler\Supergirl\Anal Angels 6,#(a,m,th),(2).mp4 is being deleted
INFO:root:X:\Diziler\Legion\Nicole Black,Jolee Love,#(ffm,s,dp),(1).mp4 is being encoded to X:\Diziler\Supergirl\Jolee Love,Nicole Black,#(dp,ffm,s),(1).mp4 @ 2022-03-02 21:01:59.899322
INFO:root:X:\Diziler\Legion\Nicole Black,Jolee Love,#(ffm,s,dp),(1).mp4 has been encoded to X:\Diziler\Supergirl\Jolee Love,Nicole Black,#(dp,ffm,s),(1).mp4 @ 2022-03-02 21:08:11.302204, lasted 0:06:11.402882
INFO:root:X:\Diziler\Supergirl\Jolee Love,Nicole Black,#(dp,ffm,s),(1).mp4 is being deleted
INFO:root:X:\Diziler\Legion\Haley Spades,Minxx Marley,#(fa,gr,na,s),(1).mp4 is being encoded to X:\Diziler\Supergirl\Haley Spades,Minxx Marley,#(fa,gr,na,s),(1).mp4 @ 2022-03-02 21:08:11.431495
INFO:root:X:\Diziler\Legion\Haley Spades,Minxx Marley,#(fa,gr,na,s),(1).mp4 has been encoded to X:\Diziler\Supergirl\Haley Spades,Minxx Marley,#(fa,gr,na,s),(1).mp4 @ 2022-03-02 21:12:04.368940, lasted 0:03:52.937445
INFO:root:X:\Diziler\Supergirl\Haley Spades,Minxx Marley,#(fa,gr,na,s),(1).mp4 is being deleted
INFO:root:X:\Diziler\Legion\Roxxy Lea.mp4 is being encoded to X:\Diziler\Supergirl\Roxxy Lea,#(s),(1).mp4 @ 2022-03-02 21:12:04.445293
INFO:root:X:\Diziler\Legion\Roxxy Lea.mp4 has been encoded to X:\Diziler\Supergirl\Roxxy Lea,#(s),(1).mp4 @ 2022-03-02 21:14:42.902905, lasted 0:02:38.457612
INFO:root:X:\Diziler\Supergirl\Roxxy Lea,#(s),(1).mp4 is being deleted
INFO:root:X:\Diziler\Legion\Apolonia Lapiedra,#(s,a,st),(1).mp4 is being encoded to X:\Diziler\Supergirl\Apolonia Lapiedra,#(a,s,st),(1).mp4 @ 2022-03-02 21:14:43.027228
INFO:root:X:\Diziler\Legion\Apolonia Lapiedra,#(s,a,st),(1).mp4 has been encoded to X:\Diziler\Supergirl\Apolonia Lapiedra,#(a,s,st),(1).mp4 @ 2022-03-02 21:18:33.020949, lasted 0:03:49.993721
INFO:root:X:\Diziler\Supergirl\Apolonia Lapiedra,#(a,s,st),(1).mp4 is being deleted
INFO:root:X:\Diziler\Legion\Jane Wilde,#(st,br,a,s),(1).mp4 is being encoded to X:\Diziler\Supergirl\Jane Wilde,#(a,br,s,st),(1).mp4 @ 2022-03-02 21:18:33.098665
INFO:root:X:\Diziler\Legion\Jane Wilde,#(st,br,a,s),(1).mp4 has been encoded to X:\Diziler\Supergirl\Jane Wilde,#(a,br,s,st),(1).mp4 @ 2022-03-02 21:21:34.198558, lasted 0:03:01.099893
INFO:root:X:\Diziler\Supergirl\Jane Wilde,#(a,br,s,st),(1).mp4 is being deleted
INFO:root:X:\Diziler\Legion\Emily Willis,#(s,a,dp,fv,st),(1).mp4 is being encoded to X:\Diziler\Supergirl\Emily Willis,#(a,dp,fv,s,st),(1).mp4 @ 2022-03-02 21:21:34.363606
INFO:root:X:\Diziler\Legion\Emily Willis,#(s,a,dp,fv,st),(1).mp4 has been encoded to X:\Diziler\Supergirl\Emily Willis,#(a,dp,fv,s,st),(1).mp4 @ 2022-03-02 21:24:25.247557, lasted 0:02:50.883951
INFO:root:X:\Diziler\Supergirl\Emily Willis,#(a,dp,fv,s,st),(1).mp4 is being deleted
INFO:root:X:\Diziler\Legion\Jessica Marie,Sarah Lace,(gr,na,fa,fs),(1).mp4 is being encoded to X:\Diziler\Supergirl\(gr,Jessica Marie,Sarah Lace,fa,fs),na,#(s),(1).mp4 @ 2022-03-02 21:24:25.311797
INFO:root:X:\Diziler\Legion\Jessica Marie,Sarah Lace,(gr,na,fa,fs),(1).mp4 has been encoded to X:\Diziler\Supergirl\(gr,Jessica Marie,Sarah Lace,fa,fs),na,#(s),(1).mp4 @ 2022-03-02 21:29:13.461871, lasted 0:04:48.150074
INFO:root:X:\Diziler\Supergirl\(gr,Jessica Marie,Sarah Lace,fa,fs),na,#(s),(1).mp4 is being deleted
INFO:root:X:\Diziler\Legion\Anissa Kate.mp4 is being encoded to X:\Diziler\Supergirl\Anissa Kate,#(s),(1).mp4 @ 2022-03-02 21:29:13.566257
INFO:root:X:\Diziler\Legion\Anissa Kate.mp4 has been encoded to X:\Diziler\Supergirl\Anissa Kate,#(s),(1).mp4 @ 2022-03-02 21:31:36.930703, lasted 0:02:23.364446
INFO:root:X:\Diziler\Supergirl\Anissa Kate,#(s),(1).mp4 is being deleted
INFO:root:X:\Diziler\Legion\Misha Cross,#(a,bu),(1).mp4 is being encoded to X:\Diziler\Supergirl\Misha Cross,#(a,bu,s),(1).mp4 @ 2022-03-02 21:31:37.005858
INFO:root:X:\Diziler\Legion\Misha Cross,#(a,bu),(1).mp4 has been encoded to X:\Diziler\Supergirl\Misha Cross,#(a,bu,s),(1).mp4 @ 2022-03-02 21:34:38.642880, lasted 0:03:01.637022
INFO:root:X:\Diziler\Supergirl\Misha Cross,#(a,bu,s),(1).mp4 is being deleted
INFO:root:X:\Diziler\Legion\Hyley Winters,#(s,a,th,bl,st),(1).mp4 is being encoded to X:\Diziler\Supergirl\Hyley Winters,#(a,bl,s,st,th),(1).mp4 @ 2022-03-02 21:34:38.708695
INFO:root:X:\Diziler\Legion\Hyley Winters,#(s,a,th,bl,st),(1).mp4 has been encoded to X:\Diziler\Supergirl\Hyley Winters,#(a,bl,s,st,th),(1).mp4 @ 2022-03-02 21:37:46.957190, lasted 0:03:08.248495
INFO:root:X:\Diziler\Supergirl\Hyley Winters,#(a,bl,s,st,th),(1).mp4 is being deleted
INFO:root:X:\Diziler\Legion\Emily Willis,#(a,s,st,fv),(1).mp4 is being encoded to X:\Diziler\Supergirl\Emily Willis,#(a,fv,s,st),(1).mp4 @ 2022-03-02 21:37:47.045876
INFO:root:X:\Diziler\Legion\Emily Willis,#(a,s,st,fv),(1).mp4 has been encoded to X:\Diziler\Supergirl\Emily Willis,#(a,fv,s,st),(1).mp4 @ 2022-03-02 21:41:35.680905, lasted 0:03:48.635029
INFO:root:X:\Diziler\Supergirl\Emily Willis,#(a,fv,s,st),(1).mp4 is being deleted
INFO:root:X:\Diziler\Legion\Khloe Kapri,#(a,s,st,bl),(1).mp4 is being encoded to X:\Diziler\Supergirl\Khloe Kapri,#(a,bl,s,st),(1).mp4 @ 2022-03-02 21:41:35.757691
INFO:root:X:\Diziler\Legion\Khloe Kapri,#(a,s,st,bl),(1).mp4 has been encoded to X:\Diziler\Supergirl\Khloe Kapri,#(a,bl,s,st),(1).mp4 @ 2022-03-02 21:45:18.936601, lasted 0:03:43.178910
INFO:root:X:\Diziler\Supergirl\Khloe Kapri,#(a,bl,s,st),(1).mp4 is being deleted
INFO:root:X:\Diziler\Legion\Missy Martinez,#(a,s,bu,sm,br),(1).mp4 is being encoded to X:\Diziler\Supergirl\Missy Martinez,#(a,br,bu,s,sm),(1).mp4 @ 2022-03-02 21:45:19.003689
INFO:root:X:\Diziler\Legion\Missy Martinez,#(a,s,bu,sm,br),(1).mp4 has been encoded to X:\Diziler\Supergirl\Missy Martinez,#(a,br,bu,s,sm),(1).mp4 @ 2022-03-02 21:47:56.376702, lasted 0:02:37.373013
INFO:root:X:\Diziler\Supergirl\Missy Martinez,#(a,br,bu,s,sm),(1).mp4 is being deleted
INFO:root:X:\Diziler\Legion\Lena Paul,#(a,s,bbc,bu),(1).mp4 is being encoded to X:\Diziler\Supergirl\Lena Paul,#(a,bbc,bu,s),(1).mp4 @ 2022-03-02 21:47:56.465175
INFO:root:X:\Diziler\Legion\Lena Paul,#(a,s,bbc,bu),(1).mp4 has been encoded to X:\Diziler\Supergirl\Lena Paul,#(a,bbc,bu,s),(1).mp4 @ 2022-03-02 21:50:37.455188, lasted 0:02:40.990013
INFO:root:X:\Diziler\Supergirl\Lena Paul,#(a,bbc,bu,s),(1).mp4 is being deleted
INFO:root:X:\Diziler\Legion\Brandi Love.mp4 is being encoded to X:\Diziler\Supergirl\Brandi Love,#(s),(1).mp4 @ 2022-03-02 21:50:37.522205
INFO:root:X:\Diziler\Legion\Brandi Love.mp4 has been encoded to X:\Diziler\Supergirl\Brandi Love,#(s),(1).mp4 @ 2022-03-02 21:52:42.430016, lasted 0:02:04.907811
INFO:root:X:\Diziler\Supergirl\Brandi Love,#(s),(1).mp4 is being deleted
INFO:root:X:\Diziler\Legion\Angel Wicky,#(a,s,wbc,bl,bu),(1).mp4 is being encoded to X:\Diziler\Supergirl\Angel Wicky,#(a,bl,bu,s,wbc),(1).mp4 @ 2022-03-02 21:52:42.504796
INFO:root:X:\Diziler\Legion\Angel Wicky,#(a,s,wbc,bl,bu),(1).mp4 has been encoded to X:\Diziler\Supergirl\Angel Wicky,#(a,bl,bu,s,wbc),(1).mp4 @ 2022-03-02 21:55:05.534508, lasted 0:02:23.029712
INFO:root:X:\Diziler\Supergirl\Angel Wicky,#(a,bl,bu,s,wbc),(1).mp4 is being deleted
INFO:root:X:\Diziler\Legion\Keisha Grey.mp4 is being encoded to X:\Diziler\Supergirl\Keisha Grey,#(s),(1).mp4 @ 2022-03-02 21:55:05.597130
INFO:root:X:\Diziler\Legion\Keisha Grey.mp4 has been encoded to X:\Diziler\Supergirl\Keisha Grey,#(s),(1).mp4 @ 2022-03-02 21:57:05.976774, lasted 0:02:00.379644
INFO:root:X:\Diziler\Supergirl\Keisha Grey,#(s),(1).mp4 is being deleted
INFO:root:X:\Diziler\Legion\Lika Star,Liya Silver,#(th,ffm,a,s),(2).mp4 is being encoded to X:\Diziler\Supergirl\Liya Silver,Lika Star,#(a,ffm,s,th),(2).mp4 @ 2022-03-02 21:57:06.045993
INFO:root:X:\Diziler\Legion\Lika Star,Liya Silver,#(th,ffm,a,s),(2).mp4 has been encoded to X:\Diziler\Supergirl\Liya Silver,Lika Star,#(a,ffm,s,th),(2).mp4 @ 2022-03-02 21:59:47.061438, lasted 0:02:41.015445
INFO:root:X:\Diziler\Supergirl\Liya Silver,Lika Star,#(a,ffm,s,th),(2).mp4 is being deleted
INFO:root:X:\Diziler\Legion\Hazel Moore,#(a,s,br),(1).mp4 is being encoded to X:\Diziler\Supergirl\Hazel Moore,#(a,br,s),(1).mp4 @ 2022-03-02 21:59:47.120260
INFO:root:X:\Diziler\Legion\Hazel Moore,#(a,s,br),(1).mp4 has been encoded to X:\Diziler\Supergirl\Hazel Moore,#(a,br,s),(1).mp4 @ 2022-03-02 22:02:26.429347, lasted 0:02:39.308087
INFO:root:X:\Diziler\Supergirl\Hazel Moore,#(a,br,s),(1).mp4 is being deleted
INFO:root:X:\Diziler\Legion\Adria Rae,#(a,s,br),(1).mp4 is being encoded to X:\Diziler\Supergirl\Adria Rae,#(a,br,s),(1).mp4 @ 2022-03-02 22:02:26.488707
INFO:root:X:\Diziler\Legion\Adria Rae,#(a,s,br),(1).mp4 has been encoded to X:\Diziler\Supergirl\Adria Rae,#(a,br,s),(1).mp4 @ 2022-03-02 22:05:10.287804, lasted 0:02:43.799097
INFO:root:X:\Diziler\Supergirl\Adria Rae,#(a,br,s),(1).mp4 is being deleted
INFO:root:X:\Diziler\Legion\AJ Applegate,#(a,s,bl,st,ba),(1).mp4 is being encoded to X:\Diziler\Supergirl\AJ Applegate,#(a,ba,bl,s,st),(1).mp4 @ 2022-03-02 22:05:10.343843
INFO:root:X:\Diziler\Legion\AJ Applegate,#(a,s,bl,st,ba),(1).mp4 has been encoded to X:\Diziler\Supergirl\AJ Applegate,#(a,ba,bl,s,st),(1).mp4 @ 2022-03-02 22:07:44.075808, lasted 0:02:33.731965
INFO:root:X:\Diziler\Supergirl\AJ Applegate,#(a,ba,bl,s,st),(1).mp4 is being deleted
INFO:root:X:\Diziler\Legion\Veronica Leal,#(a,s,st),(1).mp4 is being encoded to X:\Diziler\Supergirl\Veronica Leal,#(a,s,st),(1).mp4 @ 2022-03-02 22:07:44.173999
INFO:root:X:\Diziler\Legion\Veronica Leal,#(a,s,st),(1).mp4 has been encoded to X:\Diziler\Supergirl\Veronica Leal,#(a,s,st),(1).mp4 @ 2022-03-02 22:09:56.042156, lasted 0:02:11.868157
INFO:root:X:\Diziler\Supergirl\Veronica Leal,#(a,s,st),(1).mp4 is being deleted
INFO:root:X:\Diziler\Legion\Alexa Flexy,#(th,a,mmf,s,st),(1).mp4 is being encoded to X:\Diziler\Supergirl\Alexa Flexy,#(a,mmf,s,st,th),(1).mp4 @ 2022-03-02 22:09:56.098785
INFO:root:X:\Diziler\Legion\Alexa Flexy,#(th,a,mmf,s,st),(1).mp4 has been encoded to X:\Diziler\Supergirl\Alexa Flexy,#(a,mmf,s,st,th),(1).mp4 @ 2022-03-02 22:12:47.563160, lasted 0:02:51.464375
INFO:root:X:\Diziler\Supergirl\Alexa Flexy,#(a,mmf,s,st,th),(1).mp4 is being deleted
INFO:root:X:\Diziler\Legion\Liya Silver,#(s,a,fv),(1).mp4 is being encoded to X:\Diziler\Supergirl\Liya Silver,#(a,fv,s),(1).mp4 @ 2022-03-02 22:12:47.614960
INFO:root:X:\Diziler\Legion\Liya Silver,#(s,a,fv),(1).mp4 has been encoded to X:\Diziler\Supergirl\Liya Silver,#(a,fv,s),(1).mp4 @ 2022-03-02 22:15:41.785118, lasted 0:02:54.169158
INFO:root:X:\Diziler\Supergirl\Liya Silver,#(a,fv,s),(1).mp4 is being deleted
INFO:root:X:\Diziler\Legion\Dakota Burns,Leana Lovings,#(fs,s,gr,fa),(1).mp4 is being encoded to X:\Diziler\Supergirl\Leana Lovings,Dakota Burns,#(fa,fs,gr,s),(1).mp4 @ 2022-03-02 22:15:41.879767
INFO:root:X:\Diziler\Legion\Dakota Burns,Leana Lovings,#(fs,s,gr,fa),(1).mp4 has been encoded to X:\Diziler\Supergirl\Leana Lovings,Dakota Burns,#(fa,fs,gr,s),(1).mp4 @ 2022-03-02 22:20:20.063472, lasted 0:04:38.183705
INFO:root:X:\Diziler\Supergirl\Leana Lovings,Dakota Burns,#(fa,fs,gr,s),(1).mp4 is being deleted
INFO:root:X:\Diziler\Legion\Cherry Kiss,Lana Roy,#(s,ffm,dp,sm,so,dp,a),(1).mp4 is being encoded to X:\Diziler\Supergirl\Cherry Kiss,Lana Roy,#(a,dp,dp,ffm,s,sm,so),(1).mp4 @ 2022-03-02 22:20:20.122234
INFO:root:X:\Diziler\Legion\Cherry Kiss,Lana Roy,#(s,ffm,dp,sm,so,dp,a),(1).mp4 has been encoded to X:\Diziler\Supergirl\Cherry Kiss,Lana Roy,#(a,dp,dp,ffm,s,sm,so),(1).mp4 @ 2022-03-02 22:23:13.873640, lasted 0:02:53.750406
INFO:root:X:\Diziler\Supergirl\Cherry Kiss,Lana Roy,#(a,dp,dp,ffm,s,sm,so),(1).mp4 is being deleted
INFO:root:10 raw files found to encode. Starting encoding at 2022-03-02 23:15:27.239449
INFO:root:X:\Diziler\Legion\S W H L 9,#(m),(1).mp4 is being encoded to X:\Diziler\Supergirl\S W H L 9,#(m),(1).mp4 @ 2022-03-02 23:15:27.262393
INFO:root:10 raw files found to encode. Starting encoding at 2022-03-03 08:05:20.199337
INFO:root:X:\Diziler\Legion\S W H L 9,#(m),(1).mp4 is being encoded to X:\Diziler\Supergirl\S W H L 9,#(m),(2).mp4 @ 2022-03-03 08:05:20.267343
INFO:root:X:\Diziler\Legion\S W H L 9,#(m),(1).mp4 has been encoded to X:\Diziler\Supergirl\S W H L 9,#(m),(2).mp4 @ 2022-03-03 08:29:38.927826, lasted 0:24:18.660483
INFO:root:X:\Diziler\Supergirl\S W H L 9,#(m),(2).mp4 is being deleted
INFO:root:X:\Diziler\Legion\B N 54,#(m),(1).mp4 is being encoded to X:\Diziler\Supergirl\B N 54,#(m),(1).mp4 @ 2022-03-03 08:29:39.228727
INFO:root:X:\Diziler\Legion\B N 54,#(m),(1).mp4 has been encoded to X:\Diziler\Supergirl\B N 54,#(m),(1).mp4 @ 2022-03-03 08:46:19.375204, lasted 0:16:40.146477
INFO:root:X:\Diziler\Supergirl\B N 54,#(m),(1).mp4 is being deleted
INFO:root:X:\Diziler\Legion\Amazing_Tits_2.mp4 is being encoded to X:\Diziler\Supergirl\Amazing_Tits_2,#(s),(1).mp4 @ 2022-03-03 08:46:19.743251
INFO:root:X:\Diziler\Legion\Amazing_Tits_2.mp4 has been encoded to X:\Diziler\Supergirl\Amazing_Tits_2,#(s),(1).mp4 @ 2022-03-03 09:10:01.188831, lasted 0:23:41.445580
INFO:root:X:\Diziler\Supergirl\Amazing_Tits_2,#(s),(1).mp4 is being deleted
INFO:root:X:\Diziler\Legion\I S S 11,#(m),(1).mp4 is being encoded to X:\Diziler\Supergirl\I S S 11,#(m),(1).mp4 @ 2022-03-03 09:10:01.418087
INFO:root:X:\Diziler\Legion\I S S 11,#(m),(1).mp4 has been encoded to X:\Diziler\Supergirl\I S S 11,#(m),(1).mp4 @ 2022-03-03 09:22:14.423290, lasted 0:12:13.005203
INFO:root:X:\Diziler\Supergirl\I S S 11,#(m),(1).mp4 is being deleted
INFO:root:X:\Diziler\Legion\D D T 4,#(m),(1).mp4 is being encoded to X:\Diziler\Supergirl\D D T 4,#(m),(1).mp4 @ 2022-03-03 09:22:14.669314
INFO:root:X:\Diziler\Legion\D D T 4,#(m),(1).mp4 has been encoded to X:\Diziler\Supergirl\D D T 4,#(m),(1).mp4 @ 2022-03-03 09:35:57.890325, lasted 0:13:43.220011
INFO:root:X:\Diziler\Supergirl\D D T 4,#(m),(1).mp4 is being deleted
INFO:root:X:\Diziler\Legion\Dahlia Sky,$(s,a,dp,gb),(1).mp4 is being encoded to X:\Diziler\Supergirl\$(s,Dahlia Sky,a,dp,gb),#(s),(1).mp4 @ 2022-03-03 09:35:58.131186
INFO:root:X:\Diziler\Legion\Dahlia Sky,$(s,a,dp,gb),(1).mp4 has been encoded to X:\Diziler\Supergirl\$(s,Dahlia Sky,a,dp,gb),#(s),(1).mp4 @ 2022-03-03 09:41:01.505443, lasted 0:05:03.374257
INFO:root:X:\Diziler\Supergirl\$(s,Dahlia Sky,a,dp,gb),#(s),(1).mp4 is being deleted
INFO:root:X:\Diziler\Legion\Lena Paul,#(s,gb,a,dp,bu,bl,dap),(1).mp4 is being encoded to X:\Diziler\Supergirl\Lena Paul,#(a,bl,bu,dap,dp,gb,s),(1).mp4 @ 2022-03-03 09:41:01.630149
INFO:root:X:\Diziler\Legion\Lena Paul,#(s,gb,a,dp,bu,bl,dap),(1).mp4 has been encoded to X:\Diziler\Supergirl\Lena Paul,#(a,bl,bu,dap,dp,gb,s),(1).mp4 @ 2022-03-03 09:44:39.245437, lasted 0:03:37.614289
INFO:root:X:\Diziler\Supergirl\Lena Paul,#(a,bl,bu,dap,dp,gb,s),(1).mp4 is being deleted
INFO:root:X:\Diziler\Legion\Adriana Chechik,#(a,s,br,dp,gb),(1).mp4 is being encoded to X:\Diziler\Supergirl\Adriana Chechik,#(a,br,dp,gb,s),(1).mp4 @ 2022-03-03 09:44:39.346442
INFO:root:X:\Diziler\Legion\Adriana Chechik,#(a,s,br,dp,gb),(1).mp4 has been encoded to X:\Diziler\Supergirl\Adriana Chechik,#(a,br,dp,gb,s),(1).mp4 @ 2022-03-03 09:48:09.936673, lasted 0:03:30.590231
INFO:root:X:\Diziler\Supergirl\Adriana Chechik,#(a,br,dp,gb,s),(1).mp4 is being deleted
INFO:root:X:\Diziler\Legion\Anissa Kate,#(s,a,fr,br,bu),(1).mp4 is being encoded to X:\Diziler\Supergirl\Anissa Kate,#(a,br,bu,fr,s),(1).mp4 @ 2022-03-03 09:48:10.029191
INFO:root:X:\Diziler\Legion\Anissa Kate,#(s,a,fr,br,bu),(1).mp4 has been encoded to X:\Diziler\Supergirl\Anissa Kate,#(a,br,bu,fr,s),(1).mp4 @ 2022-03-03 09:50:58.259465, lasted 0:02:48.230274
INFO:root:X:\Diziler\Supergirl\Anissa Kate,#(a,br,bu,fr,s),(1).mp4 is being deleted
INFO:root:X:\Diziler\Legion\Lena Paul,#(s,na,bl,bu),(3).mp4 is being encoded to X:\Diziler\Supergirl\Lena Paul,#(bl,bu,na,s),(3).mp4 @ 2022-03-03 09:50:58.329156
INFO:root:X:\Diziler\Legion\Lena Paul,#(s,na,bl,bu),(3).mp4 has been encoded to X:\Diziler\Supergirl\Lena Paul,#(bl,bu,na,s),(3).mp4 @ 2022-03-03 09:53:37.232441, lasted 0:02:38.903285
INFO:root:X:\Diziler\Supergirl\Lena Paul,#(bl,bu,na,s),(3).mp4 is being deleted
